Step: build-step-credential-initializer:

{"level":"warn","ts":1547207434.5431745,"logger":"fallback-logger","caller":"logging/config.go:65","msg":"Fetch GitHub commit ID from kodata failed: \"ref: refs/heads/test\" is not a valid GitHub commit ID"}
{"level":"info","ts":1547207434.5435524,"logger":"fallback-logger","caller":"creds-init/main.go:40","msg":"Credentials initialized."}
Step: build-step-git-source-0:

{"level":"warn","ts":1547207435.8526793,"logger":"fallback-logger","caller":"logging/config.go:65","msg":"Fetch GitHub commit ID from kodata failed: \"ref: refs/heads/test\" is not a valid GitHub commit ID"}
{"level":"info","ts":1547207438.076328,"logger":"fallback-logger","caller":"git-init/main.go:92","msg":"Successfully cloned \"https://github.com/jenkins-x/jx.git\" @ \"108c997fd6fbc225f659582984816b94b6526710\" in path \"/workspace\""}
Step: build-step-jenkins:

Picked up _JAVA_OPTIONS: -Xmx512m
Started
Running in Durability level: PERFORMANCE_OPTIMIZED
  10.820 [id=38]	WARNING	i.f.k.c.i.VersionUsageUtils#alert: The client is using resource type 'customresourcedefinitions' with unstable version 'v1beta1'
[Pipeline] node
Running on Jenkins in /tmp/jenkinsTests.tmp/jenkins4981957576865622658test/workspace/job
[Pipeline] {
[Pipeline] stage
  18.710 [id=58]	WARNING	o.j.plugins.workflow.cps.DSL#invokeStep: Error storing the arguments for step: checkout
org.kohsuke.stapler.NoStaplerConstructorException: There's no @DataBoundConstructor on any constructor of class io.jenkins.jenkinsfile.runner.FileSystemSCM
	at org.kohsuke.stapler.ClassDescriptor.loadConstructorParamNames(ClassDescriptor.java:265)
	at org.jenkinsci.plugins.structs.describable.DescribableModel.<init>(DescribableModel.java:144)
	at org.jenkinsci.plugins.structs.describable.DescribableModel.of(DescribableModel.java:114)
	at org.jenkinsci.plugins.workflow.cps.actions.ArgumentsActionImpl.sanitizeObjectAndRecordMutation(ArgumentsActionImpl.java:294)
	at org.jenkinsci.plugins.workflow.cps.actions.ArgumentsActionImpl.sanitizeMapAndRecordMutation(ArgumentsActionImpl.java:386)
	at org.jenkinsci.plugins.workflow.cps.actions.ArgumentsActionImpl.<init>(ArgumentsActionImpl.java:74)
	at org.jenkinsci.plugins.workflow.cps.DSL.invokeStep(DSL.java:245)
	at org.jenkinsci.plugins.workflow.cps.DSL.invokeMethod(DSL.java:178)
	at org.jenkinsci.plugins.workflow.cps.CpsScript.invokeMethod(CpsScript.java:122)
	at org.codehaus.groovy.runtime.callsite.PogoMetaClassSite.call(PogoMetaClassSite.java:48)
	at org.codehaus.groovy.runtime.callsite.CallSiteArray.defaultCall(CallSiteArray.java:48)
	at org.codehaus.groovy.runtime.callsite.AbstractCallSite.call(AbstractCallSite.java:113)
	at com.cloudbees.groovy.cps.sandbox.DefaultInvoker.methodCall(DefaultInvoker.java:20)
	at com.cloudbees.groovy.cps.impl.ContinuationGroup.methodCall(ContinuationGroup.java:57)
	at com.cloudbees.groovy.cps.impl.FunctionCallBlock$ContinuationImpl.dispatchOrArg(FunctionCallBlock.java:109)
	at com.cloudbees.groovy.cps.impl.FunctionCallBlock$ContinuationImpl.fixArg(FunctionCallBlock.java:82)
	at sun.reflect.GeneratedMethodAccessor150.invoke(Unknown Source)
	at sun.reflect.DelegatingMethodAccessorImpl.invoke(DelegatingMethodAccessorImpl.java:43)
	at java.lang.reflect.Method.invoke(Method.java:498)
	at com.cloudbees.groovy.cps.impl.ContinuationPtr$ContinuationImpl.receive(ContinuationPtr.java:72)
	at com.cloudbees.groovy.cps.impl.PropertyishBlock$ContinuationImpl.get(PropertyishBlock.java:76)
	at com.cloudbees.groovy.cps.LValueBlock$GetAdapter.receive(LValueBlock.java:30)
	at com.cloudbees.groovy.cps.impl.PropertyishBlock$ContinuationImpl.fixName(PropertyishBlock.java:66)
	at sun.reflect.GeneratedMethodAccessor158.invoke(Unknown Source)
	at sun.reflect.DelegatingMethodAccessorImpl.invoke(DelegatingMethodAccessorImpl.java:43)
	at java.lang.reflect.Method.invoke(Method.java:498)
	at com.cloudbees.groovy.cps.impl.ContinuationPtr$ContinuationImpl.receive(ContinuationPtr.java:72)
	at com.cloudbees.groovy.cps.impl.ConstantBlock.eval(ConstantBlock.java:21)
	at com.cloudbees.groovy.cps.Next.step(Next.java:83)
	at com.cloudbees.groovy.cps.Continuable$1.call(Continuable.java:174)
	at com.cloudbees.groovy.cps.Continuable$1.call(Continuable.java:163)
	at org.codehaus.groovy.runtime.GroovyCategorySupport$ThreadCategoryInfo.use(GroovyCategorySupport.java:129)
	at org.codehaus.groovy.runtime.GroovyCategorySupport.use(GroovyCategorySupport.java:268)
	at com.cloudbees.groovy.cps.Continuable.run0(Continuable.java:163)
	at org.jenkinsci.plugins.workflow.cps.SandboxContinuable.access$101(SandboxContinuable.java:34)
	at org.jenkinsci.plugins.workflow.cps.SandboxContinuable.lambda$run0$0(SandboxContinuable.java:59)
	at org.jenkinsci.plugins.scriptsecurity.sandbox.groovy.GroovySandbox.runInSandbox(GroovySandbox.java:121)
	at org.jenkinsci.plugins.workflow.cps.SandboxContinuable.run0(SandboxContinuable.java:58)
	at org.jenkinsci.plugins.workflow.cps.CpsThread.runNextChunk(CpsThread.java:182)
	at org.jenkinsci.plugins.workflow.cps.CpsThreadGroup.run(CpsThreadGroup.java:332)
	at org.jenkinsci.plugins.workflow.cps.CpsThreadGroup.access$200(CpsThreadGroup.java:83)
	at org.jenkinsci.plugins.workflow.cps.CpsThreadGroup$2.call(CpsThreadGroup.java:244)
	at org.jenkinsci.plugins.workflow.cps.CpsThreadGroup$2.call(CpsThreadGroup.java:232)
	at org.jenkinsci.plugins.workflow.cps.CpsVmExecutorService$2.call(CpsVmExecutorService.java:64)
	at java.util.concurrent.FutureTask.run(FutureTask.java:266)
	at hudson.remoting.SingleLaneExecutorService$1.run(SingleLaneExecutorService.java:131)
	at jenkins.util.ContextResettingExecutorService$1.run(ContextResettingExecutorService.java:28)
	at jenkins.security.ImpersonatingExecutorService$1.run(ImpersonatingExecutorService.java:59)
	at java.util.concurrent.Executors$RunnableAdapter.call(Executors.java:511)
	at java.util.concurrent.FutureTask.run(FutureTask.java:266)
	at java.util.concurrent.ThreadPoolExecutor.runWorker(ThreadPoolExecutor.java:1149)
	at java.util.concurrent.ThreadPoolExecutor$Worker.run(ThreadPoolExecutor.java:624)
	at java.lang.Thread.run(Thread.java:748)
[Pipeline] { (Declarative: Checkout SCM)
[Pipeline] checkout
[Pipeline] }
[Pipeline] // stage
[Pipeline] withCredentials
[Pipeline] {
[Pipeline] withEnv
[Pipeline] {
[Pipeline] stage
[Pipeline] { (CI Build and Test)
  19.808 [id=88]	WARNING	o.j.plugins.workflow.cps.DSL#invokeStep: Error storing the arguments for step: checkout
org.kohsuke.stapler.NoStaplerConstructorException: There's no @DataBoundConstructor on any constructor of class io.jenkins.jenkinsfile.runner.FileSystemSCM
	at org.kohsuke.stapler.ClassDescriptor.loadConstructorParamNames(ClassDescriptor.java:265)
	at org.jenkinsci.plugins.structs.describable.DescribableModel.<init>(DescribableModel.java:144)
	at org.jenkinsci.plugins.structs.describable.DescribableModel.of(DescribableModel.java:114)
	at org.jenkinsci.plugins.workflow.cps.actions.ArgumentsActionImpl.sanitizeObjectAndRecordMutation(ArgumentsActionImpl.java:294)
	at org.jenkinsci.plugins.workflow.cps.actions.ArgumentsActionImpl.sanitizeMapAndRecordMutation(ArgumentsActionImpl.java:386)
	at org.jenkinsci.plugins.workflow.cps.actions.ArgumentsActionImpl.<init>(ArgumentsActionImpl.java:74)
	at org.jenkinsci.plugins.workflow.cps.DSL.invokeStep(DSL.java:245)
	at org.jenkinsci.plugins.workflow.cps.DSL.invokeMethod(DSL.java:178)
	at org.jenkinsci.plugins.workflow.cps.CpsScript.invokeMethod(CpsScript.java:122)
	at sun.reflect.NativeMethodAccessorImpl.invoke0(Native Method)
	at sun.reflect.NativeMethodAccessorImpl.invoke(NativeMethodAccessorImpl.java:62)
	at sun.reflect.DelegatingMethodAccessorImpl.invoke(DelegatingMethodAccessorImpl.java:43)
	at java.lang.reflect.Method.invoke(Method.java:498)
	at org.codehaus.groovy.reflection.CachedMethod.invoke(CachedMethod.java:93)
	at groovy.lang.MetaMethod.doMethodInvoke(MetaMethod.java:325)
	at groovy.lang.MetaClassImpl.invokeMethod(MetaClassImpl.java:1213)
	at groovy.lang.MetaClassImpl.invokeMethod(MetaClassImpl.java:1022)
	at org.codehaus.groovy.runtime.callsite.PogoMetaClassSite.call(PogoMetaClassSite.java:42)
	at org.codehaus.groovy.runtime.callsite.CallSiteArray.defaultCall(CallSiteArray.java:48)
	at org.codehaus.groovy.runtime.callsite.AbstractCallSite.call(AbstractCallSite.java:113)
	at org.kohsuke.groovy.sandbox.impl.Checker$1.call(Checker.java:157)
	at org.kohsuke.groovy.sandbox.GroovyInterceptor.onMethodCall(GroovyInterceptor.java:23)
	at org.jenkinsci.plugins.scriptsecurity.sandbox.groovy.SandboxInterceptor.onMethodCall(SandboxInterceptor.java:155)
	at org.kohsuke.groovy.sandbox.impl.Checker$1.call(Checker.java:155)
	at org.kohsuke.groovy.sandbox.impl.Checker.checkedCall(Checker.java:159)
	at org.kohsuke.groovy.sandbox.impl.Checker.checkedCall(Checker.java:129)
	at org.kohsuke.groovy.sandbox.impl.Checker.checkedCall(Checker.java:129)
	at com.cloudbees.groovy.cps.sandbox.SandboxInvoker.methodCall(SandboxInvoker.java:17)
	at com.cloudbees.groovy.cps.impl.ContinuationGroup.methodCall(ContinuationGroup.java:57)
	at com.cloudbees.groovy.cps.impl.FunctionCallBlock$ContinuationImpl.dispatchOrArg(FunctionCallBlock.java:109)
	at com.cloudbees.groovy.cps.impl.FunctionCallBlock$ContinuationImpl.fixArg(FunctionCallBlock.java:82)
	at sun.reflect.GeneratedMethodAccessor150.invoke(Unknown Source)
	at sun.reflect.DelegatingMethodAccessorImpl.invoke(DelegatingMethodAccessorImpl.java:43)
	at java.lang.reflect.Method.invoke(Method.java:498)
	at com.cloudbees.groovy.cps.impl.ContinuationPtr$ContinuationImpl.receive(ContinuationPtr.java:72)
	at com.cloudbees.groovy.cps.impl.PropertyishBlock$ContinuationImpl.get(PropertyishBlock.java:76)
	at com.cloudbees.groovy.cps.LValueBlock$GetAdapter.receive(LValueBlock.java:30)
	at com.cloudbees.groovy.cps.impl.PropertyishBlock$ContinuationImpl.fixName(PropertyishBlock.java:66)
	at sun.reflect.GeneratedMethodAccessor158.invoke(Unknown Source)
	at sun.reflect.DelegatingMethodAccessorImpl.invoke(DelegatingMethodAccessorImpl.java:43)
	at java.lang.reflect.Method.invoke(Method.java:498)
	at com.cloudbees.groovy.cps.impl.ContinuationPtr$ContinuationImpl.receive(ContinuationPtr.java:72)
	at com.cloudbees.groovy.cps.impl.ConstantBlock.eval(ConstantBlock.java:21)
	at com.cloudbees.groovy.cps.Next.step(Next.java:83)
	at com.cloudbees.groovy.cps.Continuable$1.call(Continuable.java:174)
	at com.cloudbees.groovy.cps.Continuable$1.call(Continuable.java:163)
	at org.codehaus.groovy.runtime.GroovyCategorySupport$ThreadCategoryInfo.use(GroovyCategorySupport.java:129)
	at org.codehaus.groovy.runtime.GroovyCategorySupport.use(GroovyCategorySupport.java:268)
	at com.cloudbees.groovy.cps.Continuable.run0(Continuable.java:163)
	at org.jenkinsci.plugins.workflow.cps.SandboxContinuable.access$101(SandboxContinuable.java:34)
	at org.jenkinsci.plugins.workflow.cps.SandboxContinuable.lambda$run0$0(SandboxContinuable.java:59)
	at org.jenkinsci.plugins.scriptsecurity.sandbox.groovy.GroovySandbox.runInSandbox(GroovySandbox.java:121)
	at org.jenkinsci.plugins.workflow.cps.SandboxContinuable.run0(SandboxContinuable.java:58)
	at org.jenkinsci.plugins.workflow.cps.CpsThread.runNextChunk(CpsThread.java:182)
	at org.jenkinsci.plugins.workflow.cps.CpsThreadGroup.run(CpsThreadGroup.java:332)
	at org.jenkinsci.plugins.workflow.cps.CpsThreadGroup.access$200(CpsThreadGroup.java:83)
	at org.jenkinsci.plugins.workflow.cps.CpsThreadGroup$2.call(CpsThreadGroup.java:244)
	at org.jenkinsci.plugins.workflow.cps.CpsThreadGroup$2.call(CpsThreadGroup.java:232)
	at org.jenkinsci.plugins.workflow.cps.CpsVmExecutorService$2.call(CpsVmExecutorService.java:64)
	at java.util.concurrent.FutureTask.run(FutureTask.java:266)
	at hudson.remoting.SingleLaneExecutorService$1.run(SingleLaneExecutorService.java:131)
	at jenkins.util.ContextResettingExecutorService$1.run(ContextResettingExecutorService.java:28)
	at jenkins.security.ImpersonatingExecutorService$1.run(ImpersonatingExecutorService.java:59)
	at java.util.concurrent.Executors$RunnableAdapter.call(Executors.java:511)
	at java.util.concurrent.FutureTask.run(FutureTask.java:266)
	at java.util.concurrent.ThreadPoolExecutor.runWorker(ThreadPoolExecutor.java:1149)
	at java.util.concurrent.ThreadPoolExecutor$Worker.run(ThreadPoolExecutor.java:624)
	at java.lang.Thread.run(Thread.java:748)
[Pipeline] dir
Running in /home/jenkins/go/src/github.com/jenkins-x/jx
[Pipeline] {
[Pipeline] checkout
[Pipeline] sh
+ git config --global credential.helper store
[Pipeline] sh
+ jx step git credentials
Generated Git credentials file /home/jenkins/git/credentials
[Pipeline] sh
+ echo building Pull Request for preview pr-2635-5
building Pull Request for preview pr-2635-5
[Pipeline] sh
+ make linux
CGO_ENABLED=0 GOOS=linux GOARCH=amd64 GO111MODULE=on GO15VENDOREXPERIMENT=1 go build -ldflags " -X github.com/jenkins-x/jx/pkg/version.Version=-dev+108c997 -X github.com/jenkins-x/jx/pkg/version.Revision='108c997' -X github.com/jenkins-x/jx/pkg/version.Branch='master' -X github.com/jenkins-x/jx/pkg/version.BuildDate='20190111-11:51:00' -X github.com/jenkins-x/jx/pkg/version.GoVersion='1.11.4'" -o build/linux/jx cmd/jx/jx.go
go: finding github.com/Netflix/go-expect v0.0.0-20180814212900-124a37274874
go: finding github.com/Masterminds/semver v1.4.2
go: finding github.com/nlopes/slack v0.0.0-20180721202243-347a74b1ea30
go: finding github.com/google/btree v0.0.0-20180124185431-e89373fe6b4a
go: finding github.com/evanphx/json-patch v4.1.0+incompatible
go: finding github.com/heptio/sonobuoy v0.12.0
go: finding github.com/pelletier/go-buffruneio v0.2.0
go: finding gopkg.in/warnings.v0 v0.1.2
go: finding gopkg.in/alecthomas/kingpin.v2 v2.2.6
go: finding cloud.google.com/go v0.25.0
go: finding github.com/onsi/gomega v1.4.1
go: finding github.com/acarl005/stripansi v0.0.0-20180116102854-5a71ef0e047d
go: finding github.com/cpuguy83/go-md2man v1.0.8
go: finding github.com/hashicorp/go-cleanhttp v0.5.0
go: finding github.com/google/gofuzz v0.0.0-20170612174753-24818f796faf
go: finding github.com/sethvargo/go-password v0.1.2
go: finding github.com/golang/snappy v0.0.0-20180518054509-2e65f85255db
go: finding github.com/pborman/uuid v0.0.0-20170612153648-e790cca94e6c
go: finding github.com/golang/protobuf v1.1.0
go: finding github.com/go-ole/go-ole v1.2.1
go: finding github.com/hashicorp/go-retryablehttp v0.0.0-20180718195005-e651d75abec6
go: finding github.com/pkg/browser v0.0.0-20170505125900-c90ca0c84f15
go: finding google.golang.org/appengine v1.1.0
go: finding github.com/Jeffail/gabs v1.1.0
go: finding gopkg.in/fsnotify.v1 v1.4.7
go: finding golang.org/x/time v0.0.0-20180412165947-fbb02b2291d2
go: finding github.com/hashicorp/golang-lru v0.0.0-20180201235237-0fb14efe8c47
go: finding github.com/Pallinder/go-randomdata v0.0.0-20180616180521-15df0648130a
go: finding k8s.io/apiextensions-apiserver v0.0.0-20180621085152-bbc52469f98b
go: finding github.com/gfleury/go-bitbucket-v1 v0.0.0-20181102191809-4910839b609e
go: finding github.com/cenkalti/backoff v2.0.0+incompatible
go: finding github.com/spf13/cobra v0.0.3
go: finding github.com/banzaicloud/bank-vaults v0.0.0-20181129101211-e31657d7c4fe
go: finding github.com/mgutz/ansi v0.0.0-20170206155736-9520e82c474b
go: finding github.com/mattn/go-isatty v0.0.3
go: finding github.com/aws/aws-sdk-go v1.15.50
go: finding github.com/kevinburke/ssh_config v0.0.0-20180317175531-9fc7bb800b55
go: finding github.com/peterbourgon/diskv v2.0.1+incompatible
go: finding github.com/viniciuschiele/tarx v0.0.0-20151205142357-6e3da540444d
go: finding github.com/hashicorp/go-sockaddr v0.0.0-20180320115054-6d291a969b86
go: finding github.com/alexflint/go-filemutex v0.0.0-20171028004239-d358565f3c3f
go: finding github.com/jbenet/go-context v0.0.0-20150711004518-d14ea06fba99
go: finding github.com/googleapis/gax-go v2.0.0+incompatible
go: finding github.com/alecthomas/units v0.0.0-20151022065526-2efee857e7cf
go: finding github.com/spf13/afero v1.1.1
go: finding github.com/spf13/pflag v1.0.1
go: finding github.com/xanzy/go-gitlab v0.0.0-20180814191223-f3bc634ab936
go: finding github.com/mitchellh/mapstructure v0.0.0-20180715050151-f15292f7a699
go: finding github.com/rifflock/lfshook v0.0.0-20180227222202-bf539943797a
go: finding github.com/IBM-Cloud/bluemix-go v0.0.0-20181008063305-d718d474c7c2
go: finding golang.org/x/sync v0.0.0-20180314180146-1d60e4601c6f
go: finding github.com/spf13/cast v1.2.0
go: finding github.com/denormal/go-gitignore v0.0.0-20180713143441-75ce8f3e513c
go: finding gopkg.in/AlecAivazis/survey.v1 v1.6.2
go: finding github.com/shurcooL/githubv4 v0.0.0-20180509030948-19298c78142b
go: finding gopkg.in/tomb.v1 v1.0.0-20141024135613-dd632973f1e7
go: finding github.com/onsi/ginkgo v1.6.0
go: finding github.com/codeship/codeship-go v0.0.0-20180717142545-7793ca823354
go: finding k8s.io/code-generator v0.0.0-20181017053441-8c97d6ab64da
go: finding github.com/googleapis/gnostic v0.2.0
go: finding github.com/jenkins-x/draft-repo v0.0.0-20180417100212-2f66cc518135
go: finding github.com/gobwas/glob v0.2.3
go: finding github.com/shurcooL/graphql v0.0.0-20180514000029-62c9ce094e75
go: finding github.com/gorilla/sessions v1.1.1
go: finding k8s.io/metrics v0.0.0-20180620010437-b11cf31b380b
go: finding github.com/StackExchange/wmi v0.0.0-20180116203802-5d049714c4a6
go: finding k8s.io/gengo v0.0.0-20180718083919-906d99f89cd6
go: finding github.com/go-openapi/spec v0.17.1
go: finding github.com/fsnotify/fsnotify v1.4.7
go: finding github.com/blang/semver v3.5.1+incompatible
go: finding go.opencensus.io v0.14.0
go: finding github.com/satori/go.uuid v1.2.0
go: finding github.com/emirpasic/gods v1.9.0
go: finding github.com/spf13/viper v1.0.2
go: finding github.com/chromedp/cdproto v0.0.0-20180720050708-57cf4773008d
go: finding golang.org/x/tools v0.0.0-20180723204246-ded554d0681e
go: finding github.com/kr/pty v1.1.2
go: finding github.com/sirupsen/logrus v1.0.6
go: finding github.com/shirou/w32 v0.0.0-20160930032740-bb4de0191aa4
go: finding sigs.k8s.io/yaml v1.1.0
go: finding golang.org/x/crypto v0.0.0-20181203042331-505ab145d0a9
go: finding github.com/gorilla/mux v1.6.2
go: finding github.com/gregjones/httpcache v0.0.0-20180305231024-9cad4c3443a7
go: finding github.com/trivago/tgo v1.0.1
go: finding github.com/emicklei/go-restful v2.8.0+incompatible
go: finding github.com/Azure/draft v0.15.0
go: finding k8s.io/kubernetes v1.11.3
go: finding github.com/hinshun/vt10x v0.0.0-20180809195222-d55458df857c
go: finding github.com/hpcloud/tail v1.0.0
go: finding github.com/pierrec/lz4 v2.0.5+incompatible
go: finding github.com/hashicorp/go-multierror v1.0.0
go: finding github.com/jbrukh/bayesian v0.0.0-20161210175230-bf3f261f9a9c
go: finding github.com/knq/snaker v0.0.0-20180306023312-d9ad1e7f342a
go: finding github.com/bouk/monkey v1.0.0
go: finding github.com/modern-go/reflect2 v0.0.0-20180701023420-4b7aa43c6742
go: finding github.com/jetstack/cert-manager v0.5.2
go: finding github.com/c2h5oh/datasize v0.0.0-20171227191756-4eba002a5eae
go: finding github.com/PuerkitoBio/purell v1.1.0
go: finding github.com/fatih/color v1.7.0
go: finding github.com/hashicorp/go-rootcerts v0.0.0-20160503143440-6bb64b370b90
go: finding github.com/go-openapi/jsonpointer v0.17.0
go: finding github.com/sergi/go-diff v1.0.0
go: finding github.com/bwmarrin/snowflake v0.0.0-20180412010544-68117e6bbede
go: finding gopkg.in/robfig/cron.v2 v2.0.0-20150107220207-be2e0b0deed5
go: finding github.com/jmespath/go-jmespath v0.0.0-20160202185014-0b12d6b521d8
go: finding k8s.io/cli-runtime v0.0.0-20181026155151-1ee5ba10d7e3
go: finding github.com/jenkins-x/chyle v0.0.0-20180226080600-68f7a93a63ec
go: finding github.com/andygrunwald/go-jira v1.5.0
go: finding github.com/rodaine/hclencoder v0.0.0-20180926060551-0680c4321930
go: finding github.com/pelletier/go-toml v1.2.0
go: finding github.com/stretchr/testify v1.2.2
go: finding github.com/wbrefvem/go-bitbucket v0.0.0-20180917214347-1c96061fe622
go: finding github.com/docker/spdystream v0.0.0-20170912183627-bc6354cbbc29
go: finding k8s.io/kube-openapi v0.0.0-20180719232738-d8ea2fe547a4
go: finding golang.org/x/oauth2 v0.0.0-20180620175406-ef147856a6dd
go: finding github.com/kballard/go-shellquote v0.0.0-20180428030007-95032a82bc51
go: finding github.com/ghodss/yaml v1.0.0
go: finding github.com/gogo/protobuf v1.1.1
go: finding github.com/src-d/gcfg v1.3.0
go: finding github.com/stoewer/go-strcase v1.0.1
go: finding golang.org/x/image v0.0.0-20180708004352-c73c2afc3b81
go: finding github.com/pkg/errors v0.8.0
go: finding github.com/prometheus/procfs v0.0.0-20180705121852-ae68e2d4c00f
go: finding github.com/imdario/mergo v0.3.5
go: finding github.com/xanzy/ssh-agent v0.2.0
go: finding github.com/fatih/structs v1.0.0
go: finding google.golang.org/api v0.0.0-20180724000608-2c45710c7f3f
go: finding github.com/jenkins-x/golang-jenkins v0.0.0-20180919102630-65b83ad42314
go: finding github.com/mitchellh/go-homedir v0.0.0-20180523094522-3864e76763d9
go: finding k8s.io/api v0.0.0-20180628040859-072894a440bd+incompatible
go: finding github.com/knative/build v0.0.0-20180906201914-846036c8b91d
go: finding github.com/shurcooL/go v0.0.0-20180423040247-9e1955d9fb6e
go: finding golang.org/x/sys v0.0.0-20181206074257-70b957f3b65e
go: finding github.com/ryanuber/go-glob v0.0.0-20170128012129-256dc444b735
go: finding github.com/operator-framework/operator-sdk v0.0.0-20181011175812-913cbf711929
go: finding github.com/gophercloud/gophercloud v0.0.0-20180721014243-9bb899a7c1d9
go: finding github.com/hashicorp/hcl v0.0.0-20180404174102-ef8a98b0bbce
go: finding github.com/modern-go/concurrent v0.0.0-20180306012644-bacd9c7ef1dd
go: finding github.com/google/go-querystring v0.0.0-20170111101155-53e6ce116135
go: finding github.com/prometheus/client_golang v0.8.0
go: finding github.com/go-openapi/jsonreference v0.17.0
go: finding github.com/beevik/etree v1.0.1
go: finding gopkg.in/src-d/go-git.v4 v4.5.0
go: finding gopkg.in/src-d/go-billy.v4 v4.2.0
go: finding github.com/hashicorp/errwrap v1.0.0
go: finding google.golang.org/genproto v0.0.0-20180722052100-02b4e9547331
go: finding google.golang.org/grpc v1.13.0
go: finding k8s.io/test-infra v0.0.0-20190107185424-8f27afa1a239
go: finding gopkg.in/inf.v0 v0.9.1
go: finding github.com/prometheus/common v0.0.0-20180518154759-7600349dcfe1
go: finding github.com/BurntSushi/toml v0.3.0
go: finding github.com/shirou/gopsutil v0.0.0-20180901134234-eb1f1ab16f2e
go: finding golang.org/x/text v0.3.0
go: finding github.com/andygrunwald/go-gerrit v0.0.0-20181026193842-43cfd7a94eb4
go: finding github.com/davecgh/go-spew v1.1.1
go: finding github.com/mattn/go-colorable v0.0.9
go: finding github.com/go-ini/ini v1.38.1
go: finding github.com/russross/blackfriday v1.5.1
go: finding code.gitea.io/sdk v0.0.0-20180702024448-79a281c4e34a
go: finding github.com/json-iterator/go v0.0.0-20180701071628-ab8a2e0c74be
go: finding github.com/spf13/jwalterweatherman v0.0.0-20180109140146-7c0cea34c8ec
go: finding github.com/petergtz/pegomock v0.0.0-20181206220228-b113d17a7e81
go: finding github.com/mailru/easyjson v0.0.0-20180823135443-60711f1a8329
go: finding github.com/pmezard/go-difflib v1.0.0
go: finding github.com/alecthomas/template v0.0.0-20160405071501-a0175ee3bccc
go: finding github.com/matttproud/golang_protobuf_extensions v1.0.1
go: finding k8s.io/apimachinery v0.0.0-20180621070125-103fd098999d
go: finding github.com/golang/glog v0.0.0-20160126235308-23def4e6c14b
go: finding github.com/petar/GoLLRB v0.0.0-20130427215148-53be0d36a84c
go: finding github.com/chai2010/gettext-go v0.0.0-20170215093142-bf70f2a70fb1
go: finding github.com/PuerkitoBio/urlesc v0.0.0-20170810143723-de5bf2ad4578
go: finding github.com/chromedp/chromedp v0.1.1
go: finding github.com/beorn7/perks v0.0.0-20180321164747-3a771d992973
go: finding k8s.io/helm v2.7.2+incompatible
go: finding github.com/magiconair/properties v1.8.0
go: finding github.com/hashicorp/go-version v0.0.0-20180716215031-270f2f71b1ee
go: finding golang.org/x/net v0.0.0-20181005035420-146acd28ed58
go: finding github.com/gorilla/context v1.1.1
go: finding github.com/mailru/easyjson v0.0.0-20180606163543-3fdea8d05856
go: finding github.com/inconshreveable/mousetrap v1.0.0
go: finding gopkg.in/yaml.v2 v2.2.1
go: finding golang.org/x/image v0.0.0-20180628062038-cc896f830ced
go: finding github.com/gorilla/securecookie v1.1.1
go: finding github.com/go-ini/ini v1.25.4
go: finding github.com/google/go-github v17.0.0+incompatible
go: finding github.com/gorilla/websocket v1.2.0
go: finding github.com/MakeNowJust/heredoc v0.0.0-20171113091838-e9091a26100e
go: finding k8s.io/client-go v8.0.0+incompatible
go: finding github.com/dgrijalva/jwt-go v3.2.0+incompatible
go: finding github.com/go-openapi/swag v0.17.0
go: finding github.com/disintegration/imaging v1.4.2
go: finding github.com/danwakefield/fnmatch v0.0.0-20160403171240-cbb64ac3d964
go: finding github.com/hashicorp/vault v0.11.4
go: finding github.com/chromedp/cdproto v0.0.0-20180703215205-c125a34ea3b3
go: finding github.com/Azure/go-autorest v10.14.0+incompatible
go: finding github.com/prometheus/client_model v0.0.0-20180712105110-5c3871d89910
go: finding gopkg.in/check.v1 v0.0.0-20161208181325-20d25e280405
go: finding github.com/knq/sysutil v0.0.0-20180306023629-0218e141a794
go: downloading github.com/banzaicloud/bank-vaults v0.0.0-20181129101211-e31657d7c4fe
go: downloading github.com/heptio/sonobuoy v0.12.0
go: downloading github.com/jenkins-x/golang-jenkins v0.0.0-20180919102630-65b83ad42314
go: downloading k8s.io/test-infra v0.0.0-20190107185424-8f27afa1a239
go: downloading k8s.io/apimachinery v0.0.0-20180621070125-103fd098999d
go: downloading k8s.io/helm v2.7.2+incompatible
go: downloading github.com/chromedp/chromedp v0.1.1
go: downloading k8s.io/api v0.0.0-20180628040859-072894a440bd+incompatible
go: downloading k8s.io/client-go v8.0.0+incompatible
go: downloading k8s.io/metrics v0.0.0-20180620010437-b11cf31b380b
go: downloading github.com/IBM-Cloud/bluemix-go v0.0.0-20181008063305-d718d474c7c2
go: downloading github.com/hpcloud/tail v1.0.0
go: downloading gopkg.in/tomb.v1 v1.0.0-20141024135613-dd632973f1e7
go: downloading github.com/pborman/uuid v0.0.0-20170612153648-e790cca94e6c
go: downloading github.com/chromedp/cdproto v0.0.0-20180720050708-57cf4773008d
go: downloading github.com/onsi/ginkgo v1.6.0
go: downloading github.com/hashicorp/go-version v0.0.0-20180716215031-270f2f71b1ee
go: downloading k8s.io/apiextensions-apiserver v0.0.0-20180621085152-bbc52469f98b
go: downloading github.com/knative/build v0.0.0-20180906201914-846036c8b91d
go: downloading github.com/Pallinder/go-randomdata v0.0.0-20180616180521-15df0648130a
go: downloading github.com/gobwas/glob v0.2.3
go: downloading github.com/cenkalti/backoff v2.0.0+incompatible
go: downloading golang.org/x/sync v0.0.0-20180314180146-1d60e4601c6f
go: downloading github.com/aws/aws-sdk-go v1.15.50
go: downloading github.com/gregjones/httpcache v0.0.0-20180305231024-9cad4c3443a7
go: downloading github.com/jenkins-x/draft-repo v0.0.0-20180417100212-2f66cc518135
go: downloading github.com/BurntSushi/toml v0.3.0
go: downloading github.com/stoewer/go-strcase v1.0.1
go: downloading github.com/stretchr/testify v1.2.2
go: downloading gopkg.in/AlecAivazis/survey.v1 v1.6.2
go: downloading github.com/shirou/gopsutil v0.0.0-20180901134234-eb1f1ab16f2e
go: downloading github.com/mailru/easyjson v0.0.0-20180823135443-60711f1a8329
go: downloading github.com/jenkins-x/chyle v0.0.0-20180226080600-68f7a93a63ec
go: downloading github.com/peterbourgon/diskv v2.0.1+incompatible
go: downloading github.com/google/go-github v17.0.0+incompatible
go: downloading github.com/spf13/pflag v1.0.1
go: downloading gopkg.in/src-d/go-git.v4 v4.5.0
go: downloading github.com/pkg/errors v0.8.0
go: downloading github.com/Azure/draft v0.15.0
go: downloading github.com/spf13/cast v1.2.0
go: downloading github.com/blang/semver v3.5.1+incompatible
go: downloading github.com/fatih/color v1.7.0
go: downloading github.com/golang/protobuf v1.1.0
go: downloading github.com/spf13/cobra v0.0.3
go: downloading gopkg.in/src-d/go-billy.v4 v4.2.0
go: downloading github.com/denormal/go-gitignore v0.0.0-20180713143441-75ce8f3e513c
go: downloading gopkg.in/inf.v0 v0.9.1
go: downloading golang.org/x/oauth2 v0.0.0-20180620175406-ef147856a6dd
go: downloading github.com/operator-framework/operator-sdk v0.0.0-20181011175812-913cbf711929
go: downloading github.com/Masterminds/semver v1.4.2
go: downloading golang.org/x/sys v0.0.0-20181206074257-70b957f3b65e
go: downloading golang.org/x/crypto v0.0.0-20181203042331-505ab145d0a9
go: downloading github.com/wbrefvem/go-bitbucket v0.0.0-20180917214347-1c96061fe622
go: downloading github.com/codeship/codeship-go v0.0.0-20180717142545-7793ca823354
go: downloading github.com/xanzy/go-gitlab v0.0.0-20180814191223-f3bc634ab936
go: downloading github.com/ghodss/yaml v1.0.0
go: downloading github.com/golang/glog v0.0.0-20160126235308-23def4e6c14b
go: downloading github.com/MakeNowJust/heredoc v0.0.0-20171113091838-e9091a26100e
go: downloading github.com/viniciuschiele/tarx v0.0.0-20151205142357-6e3da540444d
go: downloading github.com/pkg/browser v0.0.0-20170505125900-c90ca0c84f15
go: downloading github.com/hashicorp/vault v0.11.4
go: downloading github.com/imdario/mergo v0.3.5
go: downloading github.com/gogo/protobuf v1.1.1
go: downloading github.com/satori/go.uuid v1.2.0
go: downloading github.com/gorilla/sessions v1.1.1
go: downloading github.com/sethvargo/go-password v0.1.2
go: downloading gopkg.in/robfig/cron.v2 v2.0.0-20150107220207-be2e0b0deed5
go: downloading github.com/google/go-querystring v0.0.0-20170111101155-53e6ce116135
go: downloading github.com/danwakefield/fnmatch v0.0.0-20160403171240-cbb64ac3d964
go: downloading github.com/mattn/go-colorable v0.0.9
go: downloading github.com/jbrukh/bayesian v0.0.0-20161210175230-bf3f261f9a9c
go: downloading github.com/pmezard/go-difflib v1.0.0
go: downloading github.com/fatih/structs v1.0.0
go: downloading github.com/mitchellh/mapstructure v0.0.0-20180715050151-f15292f7a699
go: downloading github.com/sergi/go-diff v1.0.0
go: downloading github.com/davecgh/go-spew v1.1.1
go: downloading github.com/google/gofuzz v0.0.0-20170612174753-24818f796faf
go: downloading github.com/russross/blackfriday v1.5.1
go: downloading github.com/rodaine/hclencoder v0.0.0-20180926060551-0680c4321930
go: downloading github.com/gorilla/context v1.1.1
go: downloading github.com/googleapis/gnostic v0.2.0
go: downloading github.com/hashicorp/hcl v0.0.0-20180404174102-ef8a98b0bbce
go: downloading github.com/nlopes/slack v0.0.0-20180721202243-347a74b1ea30
go: downloading golang.org/x/net v0.0.0-20181005035420-146acd28ed58
go: downloading github.com/gorilla/securecookie v1.1.1
go: downloading github.com/gophercloud/gophercloud v0.0.0-20180721014243-9bb899a7c1d9
go: downloading github.com/hashicorp/golang-lru v0.0.0-20180201235237-0fb14efe8c47
go: downloading github.com/json-iterator/go v0.0.0-20180701071628-ab8a2e0c74be
go: downloading gopkg.in/yaml.v2 v2.2.1
go: downloading github.com/sirupsen/logrus v1.0.6
go: downloading github.com/Azure/go-autorest v10.14.0+incompatible
go: downloading github.com/knq/sysutil v0.0.0-20180306023629-0218e141a794
go: downloading github.com/modern-go/concurrent v0.0.0-20180306012644-bacd9c7ef1dd
go: downloading golang.org/x/time v0.0.0-20180412165947-fbb02b2291d2
go: downloading github.com/gorilla/websocket v1.2.0
go: downloading github.com/emirpasic/gods v1.9.0
go: downloading github.com/dgrijalva/jwt-go v3.2.0+incompatible
go: downloading github.com/disintegration/imaging v1.4.2
go: downloading github.com/jmespath/go-jmespath v0.0.0-20160202185014-0b12d6b521d8
go: downloading github.com/xanzy/ssh-agent v0.2.0
go: downloading github.com/andygrunwald/go-jira v1.5.0
go: downloading github.com/andygrunwald/go-gerrit v0.0.0-20181026193842-43cfd7a94eb4
go: downloading cloud.google.com/go v0.25.0
go: downloading github.com/alexflint/go-filemutex v0.0.0-20171028004239-d358565f3c3f
go: downloading github.com/modern-go/reflect2 v0.0.0-20180701023420-4b7aa43c6742
go: downloading github.com/kevinburke/ssh_config v0.0.0-20180317175531-9fc7bb800b55
go: downloading github.com/jetstack/cert-manager v0.5.2
go: downloading github.com/mattn/go-isatty v0.0.3
go: downloading github.com/gfleury/go-bitbucket-v1 v0.0.0-20181102191809-4910839b609e
go: downloading github.com/docker/spdystream v0.0.0-20170912183627-bc6354cbbc29
go: downloading google.golang.org/api v0.0.0-20180724000608-2c45710c7f3f
go: downloading github.com/go-ini/ini v1.38.1
go: downloading github.com/pelletier/go-buffruneio v0.2.0
go: downloading github.com/cpuguy83/go-md2man v1.0.8
go: downloading sigs.k8s.io/yaml v1.1.0
go: downloading github.com/rifflock/lfshook v0.0.0-20180227222202-bf539943797a
go: downloading github.com/jbenet/go-context v0.0.0-20150711004518-d14ea06fba99
go: downloading github.com/bwmarrin/snowflake v0.0.0-20180412010544-68117e6bbede
go: downloading github.com/prometheus/client_golang v0.8.0
go: downloading golang.org/x/text v0.3.0
go: downloading github.com/src-d/gcfg v1.3.0
go: downloading github.com/mitchellh/go-homedir v0.0.0-20180523094522-3864e76763d9
go: downloading github.com/shurcooL/githubv4 v0.0.0-20180509030948-19298c78142b
go: downloading github.com/kballard/go-shellquote v0.0.0-20180428030007-95032a82bc51
go: downloading github.com/fsnotify/fsnotify v1.4.7
go: downloading github.com/trivago/tgo v1.0.1
go: downloading code.gitea.io/sdk v0.0.0-20180702024448-79a281c4e34a
go: downloading github.com/prometheus/client_model v0.0.0-20180712105110-5c3871d89910
go: downloading github.com/c2h5oh/datasize v0.0.0-20171227191756-4eba002a5eae
go: downloading github.com/google/btree v0.0.0-20180124185431-e89373fe6b4a
go: downloading github.com/beevik/etree v1.0.1
go: downloading github.com/spf13/viper v1.0.2
go: downloading gopkg.in/fsnotify.v1 v1.4.7
go: downloading golang.org/x/image v0.0.0-20180708004352-c73c2afc3b81
go: downloading github.com/prometheus/common v0.0.0-20180518154759-7600349dcfe1
go: downloading github.com/Jeffail/gabs v1.1.0
go: downloading gopkg.in/warnings.v0 v0.1.2
go: downloading github.com/gorilla/mux v1.6.2
go: downloading github.com/mgutz/ansi v0.0.0-20170206155736-9520e82c474b
go: downloading github.com/magiconair/properties v1.8.0
go: downloading github.com/shurcooL/graphql v0.0.0-20180514000029-62c9ce094e75
go: downloading github.com/pelletier/go-toml v1.2.0
go: downloading github.com/spf13/jwalterweatherman v0.0.0-20180109140146-7c0cea34c8ec
go: downloading github.com/shurcooL/go v0.0.0-20180423040247-9e1955d9fb6e
go: downloading k8s.io/kube-openapi v0.0.0-20180719232738-d8ea2fe547a4
go: downloading github.com/prometheus/procfs v0.0.0-20180705121852-ae68e2d4c00f
go: downloading github.com/spf13/afero v1.1.1
go: downloading google.golang.org/genproto v0.0.0-20180722052100-02b4e9547331
go: downloading github.com/beorn7/perks v0.0.0-20180321164747-3a771d992973
go: downloading github.com/matttproud/golang_protobuf_extensions v1.0.1
go: downloading github.com/hashicorp/errwrap v1.0.0
go: downloading google.golang.org/grpc v1.13.0
go: downloading github.com/hashicorp/go-sockaddr v0.0.0-20180320115054-6d291a969b86
go: downloading go.opencensus.io v0.14.0
go: downloading github.com/hashicorp/go-multierror v1.0.0
go: downloading github.com/hashicorp/go-rootcerts v0.0.0-20160503143440-6bb64b370b90
go: downloading github.com/hashicorp/go-cleanhttp v0.5.0
go: downloading github.com/googleapis/gax-go v2.0.0+incompatible
go: downloading github.com/hashicorp/go-retryablehttp v0.0.0-20180718195005-e651d75abec6
go: downloading github.com/golang/snappy v0.0.0-20180518054509-2e65f85255db
go: downloading github.com/pierrec/lz4 v2.0.5+incompatible
go: downloading github.com/ryanuber/go-glob v0.0.0-20170128012129-256dc444b735
[Pipeline] sh
+ git add .
+ git diff --exit-code HEAD
[Pipeline] sh
+ make test-slow-integration
go: downloading github.com/petergtz/pegomock v0.0.0-20181206220228-b113d17a7e81
go: downloading github.com/Netflix/go-expect v0.0.0-20180814212900-124a37274874
go: downloading github.com/acarl005/stripansi v0.0.0-20180116102854-5a71ef0e047d
go: downloading github.com/hinshun/vt10x v0.0.0-20180809195222-d55458df857c
go: downloading github.com/kr/pty v1.1.2
go: downloading github.com/bouk/monkey v1.0.0
go: downloading github.com/onsi/gomega v1.4.1
?   	github.com/jenkins-x/jx/cmd/ip	[no test files]
?   	github.com/jenkins-x/jx/cmd/jx	[no test files]
?   	github.com/jenkins-x/jx/cmd/jx/app	[no test files]
?   	github.com/jenkins-x/jx/pkg/addon	[no test files]
?   	github.com/jenkins-x/jx/pkg/apis/jenkins.io	[no test files]
?   	github.com/jenkins-x/jx/pkg/apis/jenkins.io/v1	[no test files]
ok  	github.com/jenkins-x/jx/pkg/auth	0.351s	coverage: 33.7% of statements
?   	github.com/jenkins-x/jx/pkg/auth/mocks	[no test files]
ok  	github.com/jenkins-x/jx/pkg/binaries	0.318s	coverage: 55.6% of statements
ok  	github.com/jenkins-x/jx/pkg/buildnum	0.437s	coverage: 45.2% of statements
?   	github.com/jenkins-x/jx/pkg/buildnum/mocks	[no test files]
?   	github.com/jenkins-x/jx/pkg/buildnum/mocks/matchers	[no test files]
ok  	github.com/jenkins-x/jx/pkg/builds	1.032s	coverage: 49.8% of statements
?   	github.com/jenkins-x/jx/pkg/certmanager	[no test files]
?   	github.com/jenkins-x/jx/pkg/chats	[no test files]
?   	github.com/jenkins-x/jx/pkg/client/clientset/versioned	[no test files]
?   	github.com/jenkins-x/jx/pkg/client/clientset/versioned/fake	[no test files]
?   	github.com/jenkins-x/jx/pkg/client/clientset/versioned/scheme	[no test files]
?   	github.com/jenkins-x/jx/pkg/client/clientset/versioned/typed/jenkins.io/v1	[no test files]
?   	github.com/jenkins-x/jx/pkg/client/clientset/versioned/typed/jenkins.io/v1/fake	[no test files]
?   	github.com/jenkins-x/jx/pkg/client/informers/externalversions	[no test files]
?   	github.com/jenkins-x/jx/pkg/client/informers/externalversions/internalinterfaces	[no test files]
?   	github.com/jenkins-x/jx/pkg/client/informers/externalversions/jenkins.io	[no test files]
?   	github.com/jenkins-x/jx/pkg/client/informers/externalversions/jenkins.io/v1	[no test files]
?   	github.com/jenkins-x/jx/pkg/client/listers/jenkins.io/v1	[no test files]
ok  	github.com/jenkins-x/jx/pkg/cloud/aks	0.132s	coverage: 81.2% of statements
ok  	github.com/jenkins-x/jx/pkg/cloud/amazon	0.227s	coverage: 8.9% of statements
ok  	github.com/jenkins-x/jx/pkg/cloud/gke	0.640s	coverage: 3.2% of statements
?   	github.com/jenkins-x/jx/pkg/cloud/gke/vault	[no test files]
?   	github.com/jenkins-x/jx/pkg/cloud/iks	[no test files]
?   	github.com/jenkins-x/jx/pkg/cloud/oke	[no test files]
ok  	github.com/jenkins-x/jx/pkg/config	0.517s	coverage: 18.6% of statements
ok  	github.com/jenkins-x/jx/pkg/cve	0.688s	coverage: 43.0% of statements
?   	github.com/jenkins-x/jx/pkg/draft	[no test files]
?   	github.com/jenkins-x/jx/pkg/expose	[no test files]
ok  	github.com/jenkins-x/jx/pkg/extensions	0.697s	coverage: 19.4% of statements
ok  	github.com/jenkins-x/jx/pkg/gits	65.093s	coverage: 23.9% of statements
?   	github.com/jenkins-x/jx/pkg/gits/mocks	[no test files]
?   	github.com/jenkins-x/jx/pkg/gits/mocks/matchers	[no test files]
ok  	github.com/jenkins-x/jx/pkg/helm	0.689s	coverage: 32.3% of statements
?   	github.com/jenkins-x/jx/pkg/helm/mocks	[no test files]
ok  	github.com/jenkins-x/jx/pkg/io	0.769s	coverage: 67.9% of statements
ok  	github.com/jenkins-x/jx/pkg/io/secrets	0.322s	coverage: 52.4% of statements
?   	github.com/jenkins-x/jx/pkg/issues	[no test files]
?   	github.com/jenkins-x/jx/pkg/jenkins	[no test files]
?   	github.com/jenkins-x/jx/pkg/jenkins/fake	[no test files]
ok  	github.com/jenkins-x/jx/pkg/jenkinsfile	0.532s	coverage: 12.0% of statements
ok  	github.com/jenkins-x/jx/pkg/jx/cmd	93.239s	coverage: 23.3% of statements
?   	github.com/jenkins-x/jx/pkg/jx/cmd/certmanager	[no test files]
?   	github.com/jenkins-x/jx/pkg/jx/cmd/common	[no test files]
?   	github.com/jenkins-x/jx/pkg/jx/cmd/mocks	[no test files]
?   	github.com/jenkins-x/jx/pkg/jx/cmd/mocks/matchers	[no test files]
?   	github.com/jenkins-x/jx/pkg/jx/cmd/templates	[no test files]
ok  	github.com/jenkins-x/jx/pkg/kube	0.598s	coverage: 29.2% of statements
?   	github.com/jenkins-x/jx/pkg/kube/mocks	[no test files]
ok  	github.com/jenkins-x/jx/pkg/kube/pki	10.908s	coverage: 56.5% of statements
?   	github.com/jenkins-x/jx/pkg/kube/serviceaccount	[no test files]
?   	github.com/jenkins-x/jx/pkg/kube/services	[no test files]
ok  	github.com/jenkins-x/jx/pkg/kube/vault	0.434s	coverage: 64.9% of statements
?   	github.com/jenkins-x/jx/pkg/log	[no test files]
?   	github.com/jenkins-x/jx/pkg/maven	[no test files]
?   	github.com/jenkins-x/jx/pkg/nodes	[no test files]
?   	github.com/jenkins-x/jx/pkg/pipeline_events	[no test files]
ok  	github.com/jenkins-x/jx/pkg/prow	0.603s	coverage: 79.6% of statements
ok  	github.com/jenkins-x/jx/pkg/prow/config	1.074s	coverage: 9.2% of statements
ok  	github.com/jenkins-x/jx/pkg/quickstarts	0.488s	coverage: 18.4% of statements
ok  	github.com/jenkins-x/jx/pkg/reports	0.136s	coverage: 39.7% of statements
?   	github.com/jenkins-x/jx/pkg/spring	[no test files]
?   	github.com/jenkins-x/jx/pkg/table	[no test files]
ok  	github.com/jenkins-x/jx/pkg/terraform	0.114s	coverage: 6.8% of statements
?   	github.com/jenkins-x/jx/pkg/testkube	[no test files]
?   	github.com/jenkins-x/jx/pkg/tests	[no test files]
ok  	github.com/jenkins-x/jx/pkg/util	10.468s	coverage: 25.9% of statements
?   	github.com/jenkins-x/jx/pkg/util/mocks	[no test files]
ok  	github.com/jenkins-x/jx/pkg/util/system	0.417s	coverage: 33.3% of statements
ok  	github.com/jenkins-x/jx/pkg/vault	0.204s	coverage: 4.8% of statements
ok  	github.com/jenkins-x/jx/pkg/version	0.092s	coverage: 40.0% of statements
?   	github.com/jenkins-x/jx/pkg/workflow	[no test files]
[Pipeline] sh
+ ./build/linux/jx --help
Warning failed to load version: No Major.Minor.Patch elements found
jx is a command line tool for working with Jenkins X

Installing:
  install                   Install Jenkins X in the current Kubernetes cluster
  uninstall                 Uninstall the Jenkins X platform
  upgrade                   Upgrades a resource
  create cluster            Create a new Kubernetes cluster
  update cluster            Updates an existing Kubernetes cluster
  create jenkins token      Adds a new username and API token for a Jenkins server
  init                      Init Jenkins X

Adding Projects to Jenkins X:
  import                    Imports a local project or Git repository into Jenkins
  create archetype          Create a new app from a Maven Archetype and import the generated code into Git and Jenkins for CI/CD
  create spring             Create a new Spring Boot application and import the generated code into Git and Jenkins for CI/CD
  create lile               Create a new Lile based application and import the generated code into Git and Jenkins for CI/CD
  create micro              Create a new micro based application and import the generated code into Git and Jenkins for CI/CD
  create quickstart         Create a new app from a Quickstart and import the generated code into Git and Jenkins for CI/CD
  create quickstartlocation Create a location of quickstarts for your team

Apps:
  create addon              Creates an addon
  create token addon        Adds a new token/login for a user for a given addon
  delete addon              Deletes one or more addons
  delete token addon        Deletes one or more API tokens for a user on an issue addon server
  delete application        Deletes one or more applications from Jenkins
  add app                   Adds an app

Git:
  create git server         Creates a new Git server from a URL and kind
  delete git server         Deletes one or more Git servers
  create git token          Adds a new API token for a user on a Git server
  delete git token          Deletes one or more API tokens for a user on a Git server
  repository                Opens the web page for the current Git repository in a browser

Working with Kubernetes:
  compliance                Run compliance tests against Kubernetes cluster
  completion                Output shell completion code for the given shell (bash or zsh)
  context                   View or change the current Kubernetes context (Kubernetes cluster)
  environment               View or change the current environment in the current Kubernetes cluster
  team                      View or change the current team in the current Kubernetes cluster
  namespace                 View or change the current namespace context in the current Kubernetes cluster
  prompt                    Generate the command line prompt for the current team and environment
  scan                      Perform a scan action
  shell                     Create a sub shell so that changes to the Kubernetes context, namespace or environment remain local to the shell
  status                    status of the Kubernetes cluster or named node

Working with Applications:
  console                   Opens the Jenkins console
  logs                      Tails the log of the latest pod for a deployment
  open                      Open a service in a browser
  rsh                       Opens a terminal in a pod or runs a command in the pod
  sync                      Synchronises your local files to a DevPod

Working with CloudBees application:
  cloudbees                 Opens the CloudBees app for Kubernetes for visualising CI/CD and your environments
  login                     Onboard an user into the CloudBees application

Working with Environments:
  preview                   Creates or updates a Preview Environment for the current version of an application
  promote                   Promotes a version of an application to an Environment
  create environment        Create a new Environment which is used to promote your Team's Applications via Continuous Delivery
  delete environment        Deletes one or more Environments
  edit environment          Edits an Environment which is used to promote your Team's Applications via Continuous Delivery
  get environments          Display one or more Environments

Working with Jenkins X resources:
  get                       Display one or more resources
  edit                      Edit a resource
  create                    Create a new resource
  update                    Updates an existing resource
  delete                    Deletes one or more resources
  add                       Adds a new resource
  start                     Starts a process such as a pipeline
  stop                      Stops a process such as a pipeline

Jenkins X Pipeline Commands:
  step                      pipeline steps

Jenkins X services:
  controller                Runs a controller
  gc                        Garbage collects Jenkins X resources

Other Commands:
  diagnose                  Print diagnostic information about the Jenkins X installation
  docs                      Open the documentation in a browser
  help                      Help about any command
  version                   Print the version information

Locally Available Commands:
  release version           /usr/bin/jx-release-version (from plugin)

Options:
      --version=false: version for jx
Usage:
  jx [flags] [options]
Use "jx <command> --help" for more information about a given command.
Use "jx options" for a list of global command-line options (applies to all commands).
[Pipeline] sh
+ docker build -t docker.io/jenkinsxio/jx:0.0.0-SNAPSHOT-PR-2635-5 .
Sending build context to Docker daemon    157MB
Step 1/3 : FROM centos:7
 ---> 1e1148e4cc2c
Step 2/3 : ENTRYPOINT jx version
 ---> Using cache
 ---> 0b0a503006c2
Step 3/3 : COPY ./build/linux/jx /usr/bin/jx
 ---> 9eb488cd3096
Removing intermediate container 4e745c8d4a98
Successfully built 9eb488cd3096
[Pipeline] sh
+ make preview
docker build --no-cache -t docker.io/jenkinsxio/builder-maven:SNAPSHOT-JX-PR-2635-5 -f Dockerfile.builder-maven .
Sending build context to Docker daemon  157.1MB
Step 1/2 : FROM jenkinsxio/builder-maven:latest
 ---> 0da2d52b8933
Step 2/2 : COPY build/linux/jx /usr/bin/jx
 ---> 479270feb7e7
Removing intermediate container 116319bff85a
Successfully built 479270feb7e7
docker push docker.io/jenkinsxio/builder-maven:SNAPSHOT-JX-PR-2635-5
The push refers to a repository [docker.io/jenkinsxio/builder-maven]
3844764e3248: Preparing
60ae70c54470: Preparing
eb81ce910a34: Preparing
b00efdc18460: Preparing
9717cafcad3d: Preparing
0c22f5b0ca78: Preparing
0deb2f221eee: Preparing
eb0fbc687ff9: Preparing
037dacd6b652: Preparing
f7322d8d5de3: Preparing
4e799f93cf02: Preparing
e73a4d99c413: Preparing
cf59befa3586: Preparing
e221c8851574: Preparing
4553d6303428: Preparing
c14d957f5a74: Preparing
116398bfc32b: Preparing
d2973d2c5fe8: Preparing
46776541c0c6: Preparing
7c88df3b4344: Preparing
22c42c17879e: Preparing
8bce3320688f: Preparing
856b88642427: Preparing
d6958d86c8b4: Preparing
60374aa6d6ff: Preparing
46e199f134db: Preparing
0cde024e67b5: Preparing
1d31b5806ba4: Preparing
116398bfc32b: Waiting
d2973d2c5fe8: Waiting
46776541c0c6: Waiting
e73a4d99c413: Waiting
0c22f5b0ca78: Waiting
7c88df3b4344: Waiting
0deb2f221eee: Waiting
cf59befa3586: Waiting
22c42c17879e: Waiting
eb0fbc687ff9: Waiting
e221c8851574: Waiting
8bce3320688f: Waiting
037dacd6b652: Waiting
856b88642427: Waiting
4553d6303428: Waiting
d6958d86c8b4: Waiting
c14d957f5a74: Waiting
60374aa6d6ff: Waiting
0cde024e67b5: Waiting
46e199f134db: Waiting
4e799f93cf02: Waiting
f7322d8d5de3: Waiting
eb81ce910a34: Layer already exists
9717cafcad3d: Layer already exists
60ae70c54470: Layer already exists
b00efdc18460: Layer already exists
eb0fbc687ff9: Layer already exists
0c22f5b0ca78: Layer already exists
037dacd6b652: Layer already exists
0deb2f221eee: Layer already exists
e73a4d99c413: Layer already exists
4e799f93cf02: Layer already exists
f7322d8d5de3: Layer already exists
cf59befa3586: Layer already exists
4553d6303428: Layer already exists
116398bfc32b: Layer already exists
c14d957f5a74: Layer already exists
e221c8851574: Layer already exists
d2973d2c5fe8: Layer already exists
46776541c0c6: Layer already exists
22c42c17879e: Layer already exists
7c88df3b4344: Layer already exists
8bce3320688f: Layer already exists
856b88642427: Layer already exists
d6958d86c8b4: Layer already exists
60374aa6d6ff: Layer already exists
46e199f134db: Layer already exists
0cde024e67b5: Layer already exists
1d31b5806ba4: Layer already exists
3844764e3248: Pushed
SNAPSHOT-JX-PR-2635-5: digest: sha256:ba609852cdbfc249d035a6cf49441b3f22b24d34bcf5c5d4aa0f7cb2816a630e size: 6226
docker build --no-cache -t docker.io/jenkinsxio/builder-go:SNAPSHOT-JX-PR-2635-5 -f Dockerfile.builder-go .
Sending build context to Docker daemon  157.1MB
Step 1/2 : FROM jenkinsxio/builder-go:latest
 ---> b8cac6513722
Step 2/2 : COPY build/linux/jx /usr/bin/jx
 ---> c897c6f9b9c0
Removing intermediate container c096c9ce7523
Successfully built c897c6f9b9c0
docker push docker.io/jenkinsxio/builder-go:SNAPSHOT-JX-PR-2635-5
The push refers to a repository [docker.io/jenkinsxio/builder-go]
48da5d3a9151: Preparing
518d3f9eff56: Preparing
45c86b3b6602: Preparing
211e7c173fb1: Preparing
aaf6f14bfe8f: Preparing
321f4d05aa7d: Preparing
02111918040f: Preparing
a5768d0467c5: Preparing
e76c93632731: Preparing
578a5fadc3fa: Preparing
1e278e5724c8: Preparing
001e64365a49: Preparing
9717cafcad3d: Preparing
0c22f5b0ca78: Preparing
0deb2f221eee: Preparing
eb0fbc687ff9: Preparing
037dacd6b652: Preparing
f7322d8d5de3: Preparing
4e799f93cf02: Preparing
e73a4d99c413: Preparing
cf59befa3586: Preparing
e221c8851574: Preparing
4553d6303428: Preparing
c14d957f5a74: Preparing
116398bfc32b: Preparing
d2973d2c5fe8: Preparing
46776541c0c6: Preparing
7c88df3b4344: Preparing
22c42c17879e: Preparing
8bce3320688f: Preparing
e76c93632731: Waiting
578a5fadc3fa: Waiting
001e64365a49: Waiting
1e278e5724c8: Waiting
0c22f5b0ca78: Waiting
e221c8851574: Waiting
4553d6303428: Waiting
0deb2f221eee: Waiting
c14d957f5a74: Waiting
eb0fbc687ff9: Waiting
321f4d05aa7d: Waiting
9717cafcad3d: Waiting
116398bfc32b: Waiting
037dacd6b652: Waiting
a5768d0467c5: Waiting
f7322d8d5de3: Waiting
d2973d2c5fe8: Waiting
7c88df3b4344: Waiting
4e799f93cf02: Waiting
cf59befa3586: Waiting
46776541c0c6: Waiting
22c42c17879e: Waiting
856b88642427: Preparing
d6958d86c8b4: Preparing
60374aa6d6ff: Preparing
46e199f134db: Preparing
0cde024e67b5: Preparing
1d31b5806ba4: Preparing
8bce3320688f: Waiting
856b88642427: Waiting
d6958d86c8b4: Waiting
0cde024e67b5: Waiting
46e199f134db: Waiting
60374aa6d6ff: Waiting
1d31b5806ba4: Waiting
211e7c173fb1: Layer already exists
518d3f9eff56: Layer already exists
aaf6f14bfe8f: Layer already exists
45c86b3b6602: Layer already exists
02111918040f: Layer already exists
e76c93632731: Layer already exists
321f4d05aa7d: Layer already exists
a5768d0467c5: Layer already exists
578a5fadc3fa: Layer already exists
1e278e5724c8: Layer already exists
9717cafcad3d: Layer already exists
001e64365a49: Layer already exists
eb0fbc687ff9: Layer already exists
037dacd6b652: Layer already exists
0c22f5b0ca78: Layer already exists
0deb2f221eee: Layer already exists
4e799f93cf02: Layer already exists
e73a4d99c413: Layer already exists
cf59befa3586: Layer already exists
f7322d8d5de3: Layer already exists
e221c8851574: Layer already exists
c14d957f5a74: Layer already exists
116398bfc32b: Layer already exists
4553d6303428: Layer already exists
d2973d2c5fe8: Layer already exists
46776541c0c6: Layer already exists
22c42c17879e: Layer already exists
7c88df3b4344: Layer already exists
8bce3320688f: Layer already exists
856b88642427: Layer already exists
d6958d86c8b4: Layer already exists
60374aa6d6ff: Layer already exists
46e199f134db: Layer already exists
1d31b5806ba4: Layer already exists
0cde024e67b5: Layer already exists
48da5d3a9151: Pushed
SNAPSHOT-JX-PR-2635-5: digest: sha256:4d02ff98e54cb8e6a68bec9ed2b93c516fff2613ecec09e66275abcdd955db4f size: 7932
docker build --no-cache -t docker.io/jenkinsxio/builder-nodejs:SNAPSHOT-JX-PR-2635-5 -f Dockerfile.builder-nodejs .
Sending build context to Docker daemon  157.1MB
Step 1/2 : FROM jenkinsxio/builder-nodejs:latest
 ---> 95bf5d0ffe5b
Step 2/2 : COPY build/linux/jx /usr/bin/jx
 ---> 928164e431e6
Removing intermediate container 97e74d6b274f
Successfully built 928164e431e6
docker push docker.io/jenkinsxio/builder-nodejs:SNAPSHOT-JX-PR-2635-5
The push refers to a repository [docker.io/jenkinsxio/builder-nodejs]
a019966eec1d: Preparing
57b53dcffee9: Preparing
fb5bb5d4b680: Preparing
62b45a4b803c: Preparing
9717cafcad3d: Preparing
0c22f5b0ca78: Preparing
0deb2f221eee: Preparing
eb0fbc687ff9: Preparing
037dacd6b652: Preparing
f7322d8d5de3: Preparing
4e799f93cf02: Preparing
e73a4d99c413: Preparing
cf59befa3586: Preparing
0deb2f221eee: Waiting
eb0fbc687ff9: Waiting
037dacd6b652: Waiting
f7322d8d5de3: Waiting
4e799f93cf02: Waiting
0c22f5b0ca78: Waiting
e73a4d99c413: Waiting
e221c8851574: Preparing
4553d6303428: Preparing
c14d957f5a74: Preparing
cf59befa3586: Waiting
4553d6303428: Waiting
116398bfc32b: Preparing
d2973d2c5fe8: Preparing
46776541c0c6: Preparing
7c88df3b4344: Preparing
22c42c17879e: Preparing
c14d957f5a74: Waiting
8bce3320688f: Preparing
856b88642427: Preparing
d6958d86c8b4: Preparing
60374aa6d6ff: Preparing
46e199f134db: Preparing
0cde024e67b5: Preparing
1d31b5806ba4: Preparing
d2973d2c5fe8: Waiting
116398bfc32b: Waiting
46776541c0c6: Waiting
7c88df3b4344: Waiting
d6958d86c8b4: Waiting
22c42c17879e: Waiting
60374aa6d6ff: Waiting
8bce3320688f: Waiting
856b88642427: Waiting
46e199f134db: Waiting
1d31b5806ba4: Waiting
0cde024e67b5: Waiting
9717cafcad3d: Layer already exists
57b53dcffee9: Layer already exists
62b45a4b803c: Layer already exists
fb5bb5d4b680: Layer already exists
0c22f5b0ca78: Layer already exists
037dacd6b652: Layer already exists
0deb2f221eee: Layer already exists
eb0fbc687ff9: Layer already exists
f7322d8d5de3: Layer already exists
e73a4d99c413: Layer already exists
cf59befa3586: Layer already exists
4e799f93cf02: Layer already exists
e221c8851574: Layer already exists
c14d957f5a74: Layer already exists
4553d6303428: Layer already exists
116398bfc32b: Layer already exists
d2973d2c5fe8: Layer already exists
22c42c17879e: Layer already exists
46776541c0c6: Layer already exists
7c88df3b4344: Layer already exists
8bce3320688f: Layer already exists
d6958d86c8b4: Layer already exists
60374aa6d6ff: Layer already exists
856b88642427: Layer already exists
46e199f134db: Layer already exists
0cde024e67b5: Layer already exists
1d31b5806ba4: Layer already exists
a019966eec1d: Pushed
SNAPSHOT-JX-PR-2635-5: digest: sha256:27057b91a19c438846736b1bb0fdb91d3c5bed56dae2c79c9acfc8064d290614 size: 6236
[Pipeline] sh
+ gcloud auth activate-service-account --key-file ****
Activated service account credentials for: [jx-212@jenkinsx-dev.iam.gserviceaccount.com]
[Pipeline] sh
+ gcloud container clusters get-credentials anthorse --zone europe-west1-b --project jenkinsx-dev
Fetching cluster endpoint and auth data.
kubeconfig entry generated for anthorse.
[Pipeline] sh
+ sed s/$VERSION/SNAPSHOT-JX-PR-2635-5/g myvalues.yaml.template
[Pipeline] sh
+ echo the myvalues.yaml file is:
the myvalues.yaml file is:
[Pipeline] sh
+ cat myvalues.yaml
# override the build pod images
jenkins:
  Agent:
    PodTemplates:
      Maven:
        Containers:
          Maven:
            Image: jenkinsxio/builder-maven:SNAPSHOT-JX-PR-2635-5
      Nodejs:
        Containers:
          Nodejs:
            Image: jenkinsxio/builder-nodejs:SNAPSHOT-JX-PR-2635-5
      Go:
        Containers:
          Go:
            Image: jenkinsxio/builder-go:SNAPSHOT-JX-PR-2635-5

# disable stuff
pipelinecontroller:
  enabled: false
monocular:
  enabled: false

# service link nexus
nexus:
  enabled: false
nexusServiceLink:
  enabled: true
  externalName: "nexus.jx.svc.cluster.local"

# service link chartmuseum
chartmuseum:
  enabled: false
chartmuseumServiceLink:
  enabled: true
  externalName: "jenkins-x-chartmuseum.jx.svc.cluster.local"
[Pipeline] sh
+ echo creating team: pr-2635-5
creating team: pr-2635-5
[Pipeline] sh
+ git config --global --add user.name JenkinsXBot
[Pipeline] sh
+ git config --global --add user.email jenkins-x@googlegroups.com
[Pipeline] sh
+ cp ./build/linux/jx /usr/bin
[Pipeline] sh
+ ./build/linux/jx step bdd -b --provider=gke --git-provider=ghe --git-provider-url=https://github.beescloud.com --git-username **** --git-api-token **** --default-****-password **** --no-delete-app --no-delete-repo --tests install --tests test-create-spring
Warning failed to load version: No Major.Minor.Patch elements found
Creating team bdd-ghe-jx-pr-2635-5
Namespace bdd-ghe-jx-pr-2635-5 created 
 Using helmBinary helm with feature flag: none
Context "gke_jenkinsx-dev_europe-west1-b_anthorse" modified.
Storing the kubernetes provider gke in the TeamSettings
Enabling helm template mode in the TeamSettings
Git configured for user: JenkinsXBot and email jenkins-x@googlegroups.com
Using helm2
Skipping tiller
helm installed and configured
existing ingress controller found, no need to install a new one
Waiting for external loadbalancer to be created and update the nginx-ingress-controller service in kube-system namespace
Note: this loadbalancer will fail to be provisioned if you have insufficient quotas, this can happen easily on a GKE free account. To view quotas run: gcloud compute project-info describe
External loadbalancer created
Waiting to find the external host name of the ingress controller Service in namespace kube-system with name jxing-nginx-ingress-controller
No domain flag provided so using default 104.155.31.11.nip.io to generate Ingress rules
nginx ingress controller installed and configured
Lets set up a Git user name and API token to be able to perform CI/CD

Select the CI/CD pipelines Git server and user
Setting the pipelines Git server https://github.beescloud.com and user name ****.
Saving the Git authentication configurationCurrent configuration dir: /builder/home/.jx
options.Flags.CloudEnvRepository: https://github.com/jenkins-x/cloud-environments
options.Flags.LocalCloudEnvironment: false
Cloning the Jenkins X cloud environments repo to /builder/home/.jx/cloud-environments
Current configuration dir: /builder/home/.jx
options.Flags.CloudEnvRepository: https://github.com/jenkins-x/cloud-environments
options.Flags.LocalCloudEnvironment: false
Cloning the Jenkins X cloud environments repo to /builder/home/.jx/cloud-environments
Enumerating objects: 1285, done.
Total 1285 (delta 0), reused 0 (delta 0), pack-reused 1285
Generated helm values /builder/home/.jx/extraValues.yaml
Creating Secret jx-install-config in namespace bdd-ghe-jx-pr-2635-5
Using local value overrides file /home/jenkins/go/src/github.com/jenkins-x/jx/myvalues.yaml
Installing Jenkins X platform helm chart from: /builder/home/.jx/cloud-environments/env-gke
Installing jx into namespace bdd-ghe-jx-pr-2635-5
Adding values file /builder/home/.jx/cloud-environments/env-gke/myvalues.yaml
Adding values file /home/jenkins/go/src/github.com/jenkins-x/jx/myvalues.yaml
Adding values file /builder/home/.jx/****Secrets.yaml
Adding values file /builder/home/.jx/extraValues.yaml
Adding values file /builder/home/.jx/cloud-environments/env-gke/secrets.yaml
Fetched chart jenkins-x/jenkins-x-platform to dir /tmp/helm-template-workdir-360809641/jenkins-x/chartFiles/jenkins-x-platform
Generating Chart Template 'template --name jenkins-x --namespace bdd-ghe-jx-pr-2635-5 /tmp/helm-template-workdir-360809641/jenkins-x/chartFiles/jenkins-x-platform --output-dir /tmp/helm-template-workdir-360809641/jenkins-x/output --debug --values /builder/home/.jx/cloud-environments/env-gke/myvalues.yaml --values /home/jenkins/go/src/github.com/jenkins-x/jx/myvalues.yaml --values /builder/home/.jx/****Secrets.yaml --values /builder/home/.jx/extraValues.yaml --values /builder/home/.jx/cloud-environments/env-gke/secrets.yaml'
Applying generated chart jenkins-x/jenkins-x-platform YAML via kubectl in dir: /tmp/helm-template-workdir-360809641/jenkins-x/output
role.rbac.authorization.k8s.io/cleanup created
rolebinding.rbac.authorization.k8s.io/cleanup created
serviceaccount/cleanup created
clusterrole.rbac.authorization.k8s.io/controllercommitstatus-bdd-ghe-jx-pr-2635-5 created
clusterrolebinding.rbac.authorization.k8s.io/controllercommitstatus-bdd-ghe-jx-pr-2635-5 created
deployment.apps/jenkins-x-controllercommitstatus created
role.rbac.authorization.k8s.io/controllercommitstatus created
rolebinding.rbac.authorization.k8s.io/controllercommitstatus created
serviceaccount/jenkins-x-controllercommitstatus created
clusterrole.rbac.authorization.k8s.io/controllerrole-bdd-ghe-jx-pr-2635-5 created
clusterrolebinding.rbac.authorization.k8s.io/controllerrole-bdd-ghe-jx-pr-2635-5 created
deployment.apps/jenkins-x-controllerrole created
role.rbac.authorization.k8s.io/controllerrole created
rolebinding.rbac.authorization.k8s.io/controllerrole created
serviceaccount/jenkins-x-controllerrole created
clusterrole.rbac.authorization.k8s.io/controllerteam-bdd-ghe-jx-pr-2635-5 created
clusterrolebinding.rbac.authorization.k8s.io/controllerteam-bdd-ghe-jx-pr-2635-5 created
deployment.apps/jenkins-x-controllerteam created
role.rbac.authorization.k8s.io/controllerteam created
rolebinding.rbac.authorization.k8s.io/controllerteam created
serviceaccount/jenkins-x-controllerteam created
clusterrole.rbac.authorization.k8s.io/controllerworkflow-bdd-ghe-jx-pr-2635-5 created
clusterrolebinding.rbac.authorization.k8s.io/controllerworkflow-bdd-ghe-jx-pr-2635-5 created
deployment.apps/jenkins-x-controllerworkflow created
role.rbac.authorization.k8s.io/controllerworkflow created
rolebinding.rbac.authorization.k8s.io/controllerworkflow created
serviceaccount/jenkins-x-controllerworkflow created
configmap/jenkins-x-docker-registry-config created
deployment.extensions/jenkins-x-docker-registry created
persistentvolumeclaim/jenkins-x-docker-registry created
secret/jenkins-x-docker-registry-secret created
service/jenkins-x-docker-registry created
configmap/exposecontroller created
role.rbac.authorization.k8s.io/expose created
rolebinding.rbac.authorization.k8s.io/expose created
serviceaccount/expose created
clusterrole.rbac.authorization.k8s.io/gcactivities-bdd-ghe-jx-pr-2635-5 created
clusterrolebinding.rbac.authorization.k8s.io/gcactivities-bdd-ghe-jx-pr-2635-5 created
cronjob.batch/jenkins-x-gcactivities created
role.rbac.authorization.k8s.io/gcactivities created
rolebinding.rbac.authorization.k8s.io/gcactivities created
serviceaccount/jenkins-x-gcactivities created
cronjob.batch/jenkins-x-gcpods created
role.rbac.authorization.k8s.io/gcpods created
rolebinding.rbac.authorization.k8s.io/gcpods created
serviceaccount/jenkins-x-gcpods created
clusterrole.rbac.authorization.k8s.io/gcpreviews-bdd-ghe-jx-pr-2635-5 created
clusterrolebinding.rbac.authorization.k8s.io/gcpreviews-bdd-ghe-jx-pr-2635-5 created
cronjob.batch/jenkins-x-gcpreviews created
role.rbac.authorization.k8s.io/gcpreviews created
rolebinding.rbac.authorization.k8s.io/gcpreviews created
serviceaccount/jenkins-x-gcpreviews created
deployment.extensions/jenkins-x-heapster created
service/heapster created
configmap/jenkins created
persistentvolumeclaim/jenkins created
service/jenkins-agent created
deployment.extensions/jenkins created
service/jenkins created
configmap/jenkins-x-git-kinds created
clusterrolebinding.rbac.authorization.k8s.io/jenkins-bdd-ghe-jx-pr-2635-5-role-binding created
secret/jenkins created
serviceaccount/jenkins created
configmap/jenkins-tests created
secret/jenkins-x-chartmuseum created
service/jenkins-x-chartmuseum created
role.rbac.authorization.k8s.io/committer created
clusterrolebinding.rbac.authorization.k8s.io/jenkins-x-team-controller configured
configmap/jenkins-x-team-controller created
secret/jenkins-docker-cfg created
configmap/jenkins-x-devpod-config created
configmap/jenkins-x-docker-registry created
configmap/jenkins-x-extensions created
configmap/jenkins-x-pod-templates created
secret/jx-basic-auth created
role.rbac.authorization.k8s.io/jx-view created
secret/jenkins-maven-settings created
service/nexus created
secret/jenkins-npm-token created
role.rbac.authorization.k8s.io/owner created
secret/jenkins-release-gpg created
secret/jenkins-ssh-config created
role.rbac.authorization.k8s.io/viewer created
Applying Helm hook post-upgrade YAML via kubectl in file: /tmp/helm-template-workdir-360809641/jenkins-x/helmHooks/jenkins-x-platform/charts/expose/templates/job.yaml
job.batch/expose created
Waiting for helm post-upgrade hook Job expose to complete before removing it
Deleting helm hook sources from file: /tmp/helm-template-workdir-360809641/jenkins-x/helmHooks/jenkins-x-platform/charts/expose/templates/job.yaml
job.batch "expose" deleted
Removing Kubernetes resources from older releases using selector: jenkins.io/chart-release=jenkins-x,jenkins.io/version!=0.0.3143
waiting for install to be ready, if this is the first time then it will take a while to download images
Jenkins X deployments ready in namespace bdd-ghe-jx-pr-2635-5


	********************************************************

	     NOTE: Your **** password is: ****

	********************************************************

	
Getting Jenkins API Token
Attempting to find the Jenkins API Token with the browser in headless mode...
Using url http://jenkins.bdd-ghe-jx-pr-2635-5.104.155.31.11.nip.io/me/configure
Generating the API token...
Created user **** API Token for Jenkins server jenkins.bdd-ghe-jx-pr-2635-5.104.155.31.11.nip.io at http://jenkins.bdd-ghe-jx-pr-2635-5.104.155.31.11.nip.io
Updating Jenkins with new external URL details http://jenkins.bdd-ghe-jx-pr-2635-5.104.155.31.11.nip.io
No service called jenkins-x-chartmuseum could be found so couldn't wire up the local auth file to talk to chart museum

Jenkins X installation completed successfully


	********************************************************

	     NOTE: Your **** password is: ****

	********************************************************

	

Your Kubernetes context is now set to the namespace: bdd-ghe-jx-pr-2635-5 
To switch back to your original namespace use: jx namespace jx
For help on switching contexts see: https://jenkins-x.io/developing/kube-context/

To import existing projects into Jenkins:       jx import
To create a new Spring Boot microservice:       jx create spring -d web -d actuator
To create a new microservice from a quickstart: jx create quickstart
Added Git server ghe for URL https://github.beescloud.com
GitService ghe created in namespace bdd-ghe-jx-pr-2635-5 for URL https://github.beescloud.com
Ensured we have a GitService called ghe for URL https://github.beescloud.com in namespace bdd-ghe-jx-pr-2635-5
already has GitService ghe in namespace bdd-ghe-jx-pr-2635-5 for URL https://github.beescloud.com
Ensured we have a GitService called ghe for URL https://github.beescloud.com in namespace bdd-ghe-jx-pr-2635-5
Created user **** API Token for Git server ghe at https://github.beescloud.com
Running in batch mode and no domain flag used so defaulting to team domain 104.155.31.11.nip.io
Using  environment git owner in batch mode.
Using Git provider ghe at https://github.beescloud.com


About to create repository environment-bdd-ghe-jx-pr-2635-5-staging on server https://github.beescloud.com with user ****


Creating repository ****/environment-bdd-ghe-jx-pr-2635-5-staging
Creating Git repository ****/environment-bdd-ghe-jx-pr-2635-5-staging
Pushed Git repository to https://github.beescloud.com/****/environment-bdd-ghe-jx-pr-2635-5-staging

Creating staging Environment in namespace bdd-ghe-jx-pr-2635-5
Created environment staging
Namespace bdd-ghe-jx-pr-2635-5-staging created 
 Created Jenkins Project: http://jenkins.bdd-ghe-jx-pr-2635-5.104.155.31.11.nip.io/job/****/job/environment-bdd-ghe-jx-pr-2635-5-staging/

Note that your first pipeline may take a few minutes to start while the necessary images get downloaded!

Creating GitHub webhook for ****/environment-bdd-ghe-jx-pr-2635-5-staging for url http://jenkins.bdd-ghe-jx-pr-2635-5.104.155.31.11.nip.io/github-webhook/
Cloning git repository https://github.com/jenkins-x/bdd-jx.git to dir /home/jenkins/go/jenkins-x/bdd-jx
go: finding github.com/jenkins-x/jx v1.3.699
go: finding github.com/cenkalti/backoff v2.1.1+incompatible
go: finding github.com/onsi/ginkgo v1.7.0
go: finding github.com/onsi/gomega v1.4.3
go: finding k8s.io/klog v0.1.0
go: finding gopkg.in/src-d/go-git.v4 v4.8.1
go: finding github.com/golang/protobuf v1.2.0
go: finding golang.org/x/sys v0.0.0-20180909124046-d0be0721c37e
go: finding golang.org/x/net v0.0.0-20180906233101-161cd47e91fd
go: finding github.com/src-d/gcfg v1.4.0
go: finding github.com/mitchellh/go-homedir v1.0.0
go: finding github.com/google/go-cmp v0.2.0
go: finding github.com/flynn/go-shlex v0.0.0-20150515145356-3f9db97f8568
go: finding github.com/anmitsu/go-shlex v0.0.0-20161002113705-648efa622239
go: finding github.com/jessevdk/go-flags v1.4.0
go: finding github.com/kevinburke/ssh_config v0.0.0-20180830205328-81db2a75821e
go: finding github.com/gliderlabs/ssh v0.1.1
go: finding gopkg.in/src-d/go-billy.v4 v4.2.1
go: finding gopkg.in/src-d/go-git-fixtures.v3 v3.1.1
go: finding github.com/petergtz/pegomock v0.0.0-20181008215750-9750219ad78b
go: finding golang.org/x/crypto v0.0.0-20180904163835-0709b304e793
go: finding gopkg.in/check.v1 v1.0.0-20180628173108-788fd7840127
go: finding github.com/alcortesm/tgz v0.0.0-20161220082320-9c5fe88206d7
go: finding golang.org/x/sys v0.0.0-20180903190138-2b024373dcd9
go: finding github.com/kr/pretty v0.1.0
go: finding github.com/kr/text v0.1.0
go: finding github.com/kr/pty v1.1.1
go: downloading github.com/jenkins-x/jx v1.3.699
go: downloading github.com/onsi/ginkgo v1.7.0
go: downloading gopkg.in/src-d/go-git.v4 v4.8.1
go: downloading github.com/onsi/gomega v1.4.3
go: downloading github.com/cenkalti/backoff v2.1.1+incompatible
go: downloading github.com/kevinburke/ssh_config v0.0.0-20180830205328-81db2a75821e
go: downloading github.com/mitchellh/go-homedir v1.0.0
go: downloading github.com/src-d/gcfg v1.4.0
go: downloading gopkg.in/src-d/go-billy.v4 v4.2.1
go: downloading github.com/golang/protobuf v1.2.0
go get -u github.com/onsi/ginkgo/ginkgo
go: finding github.com/onsi/ginkgo/ginkgo latest
go get -u github.com/onsi/gomega/...
go: finding golang.org/x/sync latest
go: finding golang.org/x/sys latest
go: finding golang.org/x/net latest
go: finding gopkg.in/tomb.v1 latest
go: finding gopkg.in/yaml.v2 v2.2.2
go: finding gopkg.in/check.v1 latest
go: downloading gopkg.in/yaml.v2 v2.2.2
go: downloading golang.org/x/net v0.0.0-20190110200230-915654e7eabc
GIT_ORGANISATION set to jenkins-x-tests
GIT_PROVIDER_URL set to https://github.beescloud.com
JX_DISABLE_DELETE_APP is set. Apps created in the test run will NOT be deleted
JX_DISABLE_DELETE_REPO is set. Repos created in the test run will NOT be deleted
ginkgo -v --slowSpecThreshold=50000 --focus="create spring"
go: downloading golang.org/x/sys v0.0.0-20190109145017-48ac38b7c8cb
go: downloading golang.org/x/sync v0.0.0-20181221193216-37e7f081c4d4

Running Suite: BddJx Suite
==========================
Random Seed: [1m1547208089[0m
Will run [1m1[0m of [1m33[0m specs

[36mS[0m[36mS[0m[36mS[0m[36mS[0m[36mS[0m[36mS[0m[36mS[0m[36mS[0m[36mS[0m[36mS[0m[36mS[0m[36mS[0m[36mS[0m[36mS[0m[36mS[0m
[90m------------------------------[0m
[0mcreate spring
[0m [90mGiven valid parameters[0m [0mwhen running jx create spring[0m 
  [1mcreates a spring application and promotes it to staging
  [0m
  [37m/home/jenkins/go/jenkins-x/bdd-jx/jx_create_spring.go:29[0m
Using Git provider URL https://github.beescloud.com
Warning failed to load version: No Major.Minor.Patch elements found
Created Spring Boot project at /tmp/bdd-291096261/bdd-spring-1547208089

Git repository created
selected pack: /builder/home/.jx/draft/packs/github.com/jenkins-x-buildpacks/jenkins-x-kubernetes/packs/maven
replacing placeholders in directory /tmp/bdd-291096261/bdd-spring-1547208089
app name: bdd-spring-1547208089, git server: github.beescloud.com, org: jenkins-x-tests, Docker registry org: jenkins-x-tests
skipping directory "/tmp/bdd-291096261/bdd-spring-1547208089/.git"
Apache Maven is not installed so lets download: http://central.maven.org/maven2/org/apache/maven/apache-maven/3.5.4/apache-maven-3.5.4-bin.zip

downloadFile
Downloading http://central.maven.org/maven2/org/apache/maven/apache-maven/3.5.4/apache-maven-3.5.4-bin.zip to /builder/home/.jx/mvn.zip...
Downloaded /builder/home/.jx/mvn.zip

util.Unzip

ReadDir
Apache Maven is installed at: /builder/home/.jx/maven
Using Git provider ghe at https://github.beescloud.com


About to create repository bdd-spring-1547208089 on server https://github.beescloud.com with user ****


Creating repository jenkins-x-tests/bdd-spring-1547208089
Pushed Git repository to https://github.beescloud.com/jenkins-x-tests/bdd-spring-1547208089

Created Jenkins Project: http://jenkins.bdd-ghe-jx-pr-2635-5.104.155.31.11.nip.io/job/jenkins-x-tests/job/bdd-spring-1547208089/

Watch pipeline activity via:    jx get activity -f bdd-spring-1547208089 -w
Browse the pipeline log via:    jx get build logs jenkins-x-tests/bdd-spring-1547208089/master
Open the Jenkins console via    jx console
You can list the pipelines via: jx get pipelines
When the pipeline is complete:  jx get applications

For more help on available commands see: https://jenkins-x.io/developing/browsing/

Note that your first pipeline may take a few minutes to start while the necessary images get downloaded!

Creating GitHub webhook for jenkins-x-tests/bdd-spring-1547208089 for url http://jenkins.bdd-ghe-jx-pr-2635-5.104.155.31.11.nip.io/github-webhook/
      Checking that there is a job built successfully for jenkins-x-tests/bdd-spring-1547208089/master
Warning failed to load version: No Major.Minor.Patch elements found
retrying after error:No Job exists yet called jenkins-x-tests/bdd-spring-1547208089/master
view the log at: http://jenkins.bdd-ghe-jx-pr-2635-5.104.155.31.11.nip.io/job/jenkins-x-tests/job/bdd-spring-1547208089/job/master/1/console
tailing the log of jenkins-x-tests/bdd-spring-1547208089/master #1
Branch indexing
Connecting to https://github.beescloud.com/api/v3 using ****/****** (API Token for acccessing https://github.beescloud.com Git service inside pipelines)
Obtained Jenkinsfile from 29279d146683672965ff3cf4c7fdc4d2b460719c
Running in Durability level: MAX_SURVIVABILITY
[Pipeline] node
Still waiting to schedule task
maven-shxgv is offline
Agent maven-v4x3b is provisioned from template Kubernetes Pod Template
Agent specification [Kubernetes Pod Template] (jenkins-maven): 
* [jnlp] jenkinsci/jnlp-slave:3.26-1-alpine(resourceRequestCpu: 100m, resourceRequestMemory: 128Mi)
* [maven] jenkinsxio/builder-maven:SNAPSHOT-JX-PR-2635-5(resourceRequestCpu: 400m, resourceRequestMemory: 512Mi, resourceLimitCpu: 1, resourceLimitMemory: 1024Mi)

Running on maven-v4x3b in /home/jenkins/workspace/sts_bdd-spring-1547208089_master
[Pipeline] {
[Pipeline] stage
[Pipeline] { (Declarative: Checkout SCM)
[Pipeline] checkout
Cloning the remote Git repository
Cloning with configured refspecs honoured and without tags
Cloning repository https://github.beescloud.com/jenkins-x-tests/bdd-spring-1547208089.git
 > git init /home/jenkins/workspace/sts_bdd-spring-1547208089_master # timeout=10
Fetching upstream changes from https://github.beescloud.com/jenkins-x-tests/bdd-spring-1547208089.git
 > git --version # timeout=10
using GIT_ASKPASS to set credentials API Token for acccessing https://github.beescloud.com Git service inside pipelines
 > git fetch --no-tags --progress https://github.beescloud.com/jenkins-x-tests/bdd-spring-1547208089.git +refs/heads/master:refs/remotes/origin/master
Fetching without tags
Checking out Revision 29279d146683672965ff3cf4c7fdc4d2b460719c (master)
 > git config remote.origin.url https://github.beescloud.com/jenkins-x-tests/bdd-spring-1547208089.git # timeout=10
 > git config --add remote.origin.fetch +refs/heads/master:refs/remotes/origin/master # timeout=10
 > git config remote.origin.url https://github.beescloud.com/jenkins-x-tests/bdd-spring-1547208089.git # timeout=10
Fetching upstream changes from https://github.beescloud.com/jenkins-x-tests/bdd-spring-1547208089.git
using GIT_ASKPASS to set credentials API Token for acccessing https://github.beescloud.com Git service inside pipelines
 > git fetch --no-tags --progress https://github.beescloud.com/jenkins-x-tests/bdd-spring-1547208089.git +refs/heads/master:refs/remotes/origin/master
 > git config core.sparsecheckout # timeout=10
 > git checkout -f 29279d146683672965ff3cf4c7fdc4d2b460719c
Commit message: "fix:(plugins) use a better version of maven plugins"
First time build. Skipping changelog.
[Pipeline] }
[Pipeline] // stage
[Pipeline] withEnv
[Pipeline] {
[Pipeline] withCredentials
[Pipeline] {
[Pipeline] withEnv
[Pipeline] {
[Pipeline] stage
[Pipeline] { (CI Build and push snapshot)
Stage "CI Build and push snapshot" skipped due to when conditional
[Pipeline] }
[Pipeline] // stage
[Pipeline] stage
[Pipeline] { (Build Release)
[Pipeline] container
[Pipeline] {
[Pipeline] sh
+ git checkout master
Switched to a new branch 'master'
Branch master set up to track remote branch master from origin.
[Pipeline] sh
+ git config --global credential.helper store
[Pipeline] sh
+ jx step git credentials
Warning failed to load version: No Major.Minor.Patch elements found
Generated Git credentials file /home/jenkins/git/credentials
[Pipeline] sh
++ jx-release-version
+ echo 0.0.1
[Pipeline] sh
++ cat VERSION
+ mvn versions:set -DnewVersion=0.0.1
Picked up _JAVA_OPTIONS: -XX:+UnlockExperimentalVMOptions -XX:+UseCGroupMemoryLimitForHeap -Dsun.zip.disableMemoryMapping=true -XX:+UseParallelGC -XX:MinHeapFreeRatio=5 -XX:MaxHeapFreeRatio=10 -XX:GCTimeRatio=4 -XX:AdaptiveSizePolicyWeight=90 -Xms10m -Xmx192m
[INFO] Scanning for projects...
[INFO] Downloading from nexus: http://nexus/repository/maven-group/org/springframework/boot/spring-boot-starter-parent/2.1.1.RELEASE/spring-boot-starter-parent-2.1.1.RELEASE.pom
[INFO] Downloaded from nexus: http://nexus/repository/maven-group/org/springframework/boot/spring-boot-starter-parent/2.1.1.RELEASE/spring-boot-starter-parent-2.1.1.RELEASE.pom (12 kB at 22 kB/s)
[INFO] Downloading from nexus: http://nexus/repository/maven-group/org/springframework/boot/spring-boot-dependencies/2.1.1.RELEASE/spring-boot-dependencies-2.1.1.RELEASE.pom
[INFO] Downloaded from nexus: http://nexus/repository/maven-group/org/springframework/boot/spring-boot-dependencies/2.1.1.RELEASE/spring-boot-dependencies-2.1.1.RELEASE.pom (142 kB at 1.9 MB/s)
[INFO] Downloading from nexus: http://nexus/repository/maven-group/com/fasterxml/jackson/jackson-bom/2.9.7/jackson-bom-2.9.7.pom
[INFO] Downloaded from nexus: http://nexus/repository/maven-group/com/fasterxml/jackson/jackson-bom/2.9.7/jackson-bom-2.9.7.pom (12 kB at 820 kB/s)
[INFO] Downloading from nexus: http://nexus/repository/maven-group/com/fasterxml/jackson/jackson-parent/2.9.1.1/jackson-parent-2.9.1.1.pom
[INFO] Downloaded from nexus: http://nexus/repository/maven-group/com/fasterxml/jackson/jackson-parent/2.9.1.1/jackson-parent-2.9.1.1.pom (8.0 kB at 422 kB/s)
[INFO] Downloading from nexus: http://nexus/repository/maven-group/com/fasterxml/oss-parent/33/oss-parent-33.pom
[INFO] Downloaded from nexus: http://nexus/repository/maven-group/com/fasterxml/oss-parent/33/oss-parent-33.pom (22 kB at 992 kB/s)
[INFO] Downloading from nexus: http://nexus/repository/maven-group/io/netty/netty-bom/4.1.31.Final/netty-bom-4.1.31.Final.pom
[INFO] Downloaded from nexus: http://nexus/repository/maven-group/io/netty/netty-bom/4.1.31.Final/netty-bom-4.1.31.Final.pom (7.9 kB at 465 kB/s)
[INFO] Downloading from nexus: http://nexus/repository/maven-group/org/sonatype/oss/oss-parent/7/oss-parent-7.pom
[INFO] Downloaded from nexus: http://nexus/repository/maven-group/org/sonatype/oss/oss-parent/7/oss-parent-7.pom (4.8 kB at 138 kB/s)
[INFO] Downloading from nexus: http://nexus/repository/maven-group/io/projectreactor/reactor-bom/Californium-SR3/reactor-bom-Californium-SR3.pom
[INFO] Downloaded from nexus: http://nexus/repository/maven-group/io/projectreactor/reactor-bom/Californium-SR3/reactor-bom-Californium-SR3.pom (3.6 kB at 214 kB/s)
[INFO] Downloading from nexus: http://nexus/repository/maven-group/org/apache/logging/log4j/log4j-bom/2.11.1/log4j-bom-2.11.1.pom
[INFO] Downloaded from nexus: http://nexus/repository/maven-group/org/apache/logging/log4j/log4j-bom/2.11.1/log4j-bom-2.11.1.pom (6.1 kB at 357 kB/s)
[INFO] Downloading from nexus: http://nexus/repository/maven-group/org/apache/logging/logging-parent/1/logging-parent-1.pom
[INFO] Downloaded from nexus: http://nexus/repository/maven-group/org/apache/logging/logging-parent/1/logging-parent-1.pom (3.2 kB at 67 kB/s)
[INFO] Downloading from nexus: http://nexus/repository/maven-group/org/apache/apache/18/apache-18.pom
[INFO] Downloaded from nexus: http://nexus/repository/maven-group/org/apache/apache/18/apache-18.pom (16 kB at 1.0 MB/s)
[INFO] Downloading from nexus: http://nexus/repository/maven-group/org/eclipse/jetty/jetty-bom/9.4.12.v20180830/jetty-bom-9.4.12.v20180830.pom
[INFO] Downloaded from nexus: http://nexus/repository/maven-group/org/eclipse/jetty/jetty-bom/9.4.12.v20180830/jetty-bom-9.4.12.v20180830.pom (18 kB at 488 kB/s)
[INFO] Downloading from nexus: http://nexus/repository/maven-group/org/glassfish/jersey/jersey-bom/2.27/jersey-bom-2.27.pom
[INFO] Downloaded from nexus: http://nexus/repository/maven-group/org/glassfish/jersey/jersey-bom/2.27/jersey-bom-2.27.pom (22 kB at 1.3 MB/s)
[INFO] Downloading from nexus: http://nexus/repository/maven-group/net/java/jvnet-parent/4/jvnet-parent-4.pom
[INFO] Downloaded from nexus: http://nexus/repository/maven-group/net/java/jvnet-parent/4/jvnet-parent-4.pom (7.8 kB at 485 kB/s)
[INFO] Downloading from nexus: http://nexus/repository/maven-group/org/junit/junit-bom/5.3.2/junit-bom-5.3.2.pom
[INFO] Downloaded from nexus: http://nexus/repository/maven-group/org/junit/junit-bom/5.3.2/junit-bom-5.3.2.pom (4.1 kB at 204 kB/s)
[INFO] Downloading from nexus: http://nexus/repository/maven-group/org/springframework/spring-framework-bom/5.1.3.RELEASE/spring-framework-bom-5.1.3.RELEASE.pom
[INFO] Downloaded from nexus: http://nexus/repository/maven-group/org/springframework/spring-framework-bom/5.1.3.RELEASE/spring-framework-bom-5.1.3.RELEASE.pom (5.3 kB at 351 kB/s)
[INFO] Downloading from nexus: http://nexus/repository/maven-group/org/springframework/data/spring-data-releasetrain/Lovelace-SR3/spring-data-releasetrain-Lovelace-SR3.pom
[INFO] Downloaded from nexus: http://nexus/repository/maven-group/org/springframework/data/spring-data-releasetrain/Lovelace-SR3/spring-data-releasetrain-Lovelace-SR3.pom (4.6 kB at 273 kB/s)
[INFO] Downloading from nexus: http://nexus/repository/maven-group/org/springframework/data/build/spring-data-build/2.1.3.RELEASE/spring-data-build-2.1.3.RELEASE.pom
[INFO] Downloaded from nexus: http://nexus/repository/maven-group/org/springframework/data/build/spring-data-build/2.1.3.RELEASE/spring-data-build-2.1.3.RELEASE.pom (6.6 kB at 364 kB/s)
[INFO] Downloading from nexus: http://nexus/repository/maven-group/org/springframework/integration/spring-integration-bom/5.1.1.RELEASE/spring-integration-bom-5.1.1.RELEASE.pom
[INFO] Downloaded from nexus: http://nexus/repository/maven-group/org/springframework/integration/spring-integration-bom/5.1.1.RELEASE/spring-integration-bom-5.1.1.RELEASE.pom (8.7 kB at 456 kB/s)
[INFO] Downloading from nexus: http://nexus/repository/maven-group/org/springframework/security/spring-security-bom/5.1.2.RELEASE/spring-security-bom-5.1.2.RELEASE.pom
[INFO] Downloaded from nexus: http://nexus/repository/maven-group/org/springframework/security/spring-security-bom/5.1.2.RELEASE/spring-security-bom-5.1.2.RELEASE.pom (5.0 kB at 228 kB/s)
[INFO] Downloading from nexus: http://nexus/repository/maven-group/org/springframework/session/spring-session-bom/Bean-SR1/spring-session-bom-Bean-SR1.pom
[INFO] Downloaded from nexus: http://nexus/repository/maven-group/org/springframework/session/spring-session-bom/Bean-SR1/spring-session-bom-Bean-SR1.pom (3.0 kB at 156 kB/s)
[INFO] Downloading from nexus: http://nexus/repository/maven-group/org/springframework/boot/spring-boot-maven-plugin/2.1.1.RELEASE/spring-boot-maven-plugin-2.1.1.RELEASE.pom
[INFO] Downloaded from nexus: http://nexus/repository/maven-group/org/springframework/boot/spring-boot-maven-plugin/2.1.1.RELEASE/spring-boot-maven-plugin-2.1.1.RELEASE.pom (4.8 kB at 77 kB/s)
[INFO] Downloading from nexus: http://nexus/repository/maven-group/org/springframework/boot/spring-boot-tools/2.1.1.RELEASE/spring-boot-tools-2.1.1.RELEASE.pom
[INFO] Downloaded from nexus: http://nexus/repository/maven-group/org/springframework/boot/spring-boot-tools/2.1.1.RELEASE/spring-boot-tools-2.1.1.RELEASE.pom (1.8 kB at 107 kB/s)
[INFO] Downloading from nexus: http://nexus/repository/maven-group/org/springframework/boot/spring-boot-parent/2.1.1.RELEASE/spring-boot-parent-2.1.1.RELEASE.pom
[INFO] Downloaded from nexus: http://nexus/repository/maven-group/org/springframework/boot/spring-boot-parent/2.1.1.RELEASE/spring-boot-parent-2.1.1.RELEASE.pom (1.8 kB at 76 kB/s)
[INFO] Downloading from nexus: http://nexus/repository/maven-group/org/springframework/boot/spring-boot-maven-plugin/2.1.1.RELEASE/spring-boot-maven-plugin-2.1.1.RELEASE.jar
[INFO] Downloaded from nexus: http://nexus/repository/maven-group/org/springframework/boot/spring-boot-maven-plugin/2.1.1.RELEASE/spring-boot-maven-plugin-2.1.1.RELEASE.jar (68 kB at 991 kB/s)
[INFO] Downloading from nexus: http://nexus/repository/maven-group/org/apache/maven/plugins/maven-deploy-plugin/2.8.2/maven-deploy-plugin-2.8.2.pom
[INFO] Downloaded from nexus: http://nexus/repository/maven-group/org/apache/maven/plugins/maven-deploy-plugin/2.8.2/maven-deploy-plugin-2.8.2.pom (7.1 kB at 357 kB/s)
[INFO] Downloading from nexus: http://nexus/repository/maven-group/org/apache/maven/plugins/maven-plugins/25/maven-plugins-25.pom
[INFO] Downloaded from nexus: http://nexus/repository/maven-group/org/apache/maven/plugins/maven-plugins/25/maven-plugins-25.pom (9.6 kB at 478 kB/s)
[INFO] Downloading from nexus: http://nexus/repository/maven-group/org/apache/maven/maven-parent/24/maven-parent-24.pom
[INFO] Downloaded from nexus: http://nexus/repository/maven-group/org/apache/maven/maven-parent/24/maven-parent-24.pom (37 kB at 1.8 MB/s)
[INFO] Downloading from nexus: http://nexus/repository/maven-group/org/apache/apache/14/apache-14.pom
[INFO] Downloaded from nexus: http://nexus/repository/maven-group/org/apache/apache/14/apache-14.pom (15 kB at 734 kB/s)
[INFO] Downloading from nexus: http://nexus/repository/maven-group/org/apache/maven/plugins/maven-deploy-plugin/2.8.2/maven-deploy-plugin-2.8.2.jar
[INFO] Downloaded from nexus: http://nexus/repository/maven-group/org/apache/maven/plugins/maven-deploy-plugin/2.8.2/maven-deploy-plugin-2.8.2.jar (34 kB at 2.3 MB/s)
[INFO] Downloading from nexus: http://nexus/repository/maven-group/org/apache/maven/plugins/maven-surefire-plugin/3.0.0-M1/maven-surefire-plugin-3.0.0-M1.pom
[INFO] Downloaded from nexus: http://nexus/repository/maven-group/org/apache/maven/plugins/maven-surefire-plugin/3.0.0-M1/maven-surefire-plugin-3.0.0-M1.pom (6.4 kB at 335 kB/s)
[INFO] Downloading from nexus: http://nexus/repository/maven-group/org/apache/maven/surefire/surefire/3.0.0-M1/surefire-3.0.0-M1.pom
[INFO] Downloaded from nexus: http://nexus/repository/maven-group/org/apache/maven/surefire/surefire/3.0.0-M1/surefire-3.0.0-M1.pom (22 kB at 1.3 MB/s)
[INFO] Downloading from nexus: http://nexus/repository/maven-group/org/apache/maven/maven-parent/33/maven-parent-33.pom
[INFO] Downloaded from nexus: http://nexus/repository/maven-group/org/apache/maven/maven-parent/33/maven-parent-33.pom (44 kB at 818 kB/s)
[INFO] Downloading from nexus: http://nexus/repository/maven-group/org/apache/apache/21/apache-21.pom
[INFO] Downloaded from nexus: http://nexus/repository/maven-group/org/apache/apache/21/apache-21.pom (17 kB at 658 kB/s)
[INFO] Downloading from nexus: http://nexus/repository/maven-group/org/apache/maven/plugins/maven-surefire-plugin/3.0.0-M1/maven-surefire-plugin-3.0.0-M1.jar
[INFO] Downloaded from nexus: http://nexus/repository/maven-group/org/apache/maven/plugins/maven-surefire-plugin/3.0.0-M1/maven-surefire-plugin-3.0.0-M1.jar (40 kB at 2.0 MB/s)
[INFO] Downloading from nexus: http://nexus/repository/maven-group/org/apache/maven/plugins/maven-clean-plugin/3.1.0/maven-clean-plugin-3.1.0.pom
[INFO] Downloaded from nexus: http://nexus/repository/maven-group/org/apache/maven/plugins/maven-clean-plugin/3.1.0/maven-clean-plugin-3.1.0.pom (5.2 kB at 106 kB/s)

[91m[1m Failure [629.818 seconds][0m
create spring

[90m/home/jenkins/go/jenkins-x/bdd-jx/jx_create_spring.go:15[0m
  Given valid parameters
  [90m/home/jenkins/go/jenkins-x/bdd-jx/jx_create_spring.go:27[0m
    when running jx create spring
    [90m/home/jenkins/go/jenkins-x/bdd-jx/jx_create_spring.go:28[0m
      [91m[1mcreates a spring application and promotes it to staging
       [It][0m
      [90m/home/jenkins/go/jenkins-x/bdd-jx/jx_create_spring.go:29[0m

      [91mTimed out after 600.000s.
      Expected process to exit.  It did not.[0m

      /home/jenkins/go/jenkins-x/bdd-jx/main.go:250
[90m------------------------------[0m
[36mS[0m[36mS[0m[36mS[0m[36mS[0m[36mS[0m[36mS[0m[36mS[0m[36mS[0m[36mS[0m[36mS[0m[36mS[0m[36mS[0m[36mS[0m[36mS[0m[36mS[0m[36mS[0m[36mS[0m

[91m[1mSummarizing 1 Failure:[0m

[91m[1m[Fail] [0m[90mcreate spring
 [0m[0mGiven valid parameters [0m[90mwhen running jx create spring [0m[91m[1m[It] creates a spring application and promotes it to staging
 [0m
[37m/home/jenkins/go/jenkins-x/bdd-jx/main.go:250[0m

[1m[91mRan 1 of 33 Specs in 629.831 seconds[0m
[1m[91mFAIL![0m -- [32m[1m0 Passed[0m | [91m[1m1 Failed[0m | [33m[1m0 Pending[0m | [36m[1m32 Skipped[0m
--- FAIL: TestBddJx (629.83s)
FAIL

Ginkgo ran 1 suite in 11m59.258958603s
Test Suite Failed
Makefile:93: recipe for target 'test-create-spring' failed
make: *** [test-create-spring] Error 1
Deleting team bdd-ghe-jx-pr-2635-5
Using namespace 'bdd-ghe-jx-pr-2635-5' from context named 'gke_jenkinsx-dev_europe-west1-b_anthorse' on server 'https://35.190.196.114'.
Removing installation of Jenkins X in team namespace bdd-ghe-jx-pr-2635-5
Removing release bdd-ghe-jx-pr-2635-5-dev using selector: jenkins.io/chart-release=bdd-ghe-jx-pr-2635-5-dev
Removing release bdd-ghe-jx-pr-2635-5-staging using selector: jenkins.io/chart-release=bdd-ghe-jx-pr-2635-5-staging
Removing release jx-prow using selector: jenkins.io/chart-release=jx-prow
Removing release jenkins-x using selector: jenkins.io/chart-release=jenkins-x
service "heapster" deleted
service "jenkins" deleted
service "jenkins-agent" deleted
service "jenkins-x-chartmuseum" deleted
service "jenkins-x-docker-registry" deleted
service "nexus" deleted
deployment.extensions "jenkins" deleted
deployment.extensions "jenkins-x-controllercommitstatus" deleted
deployment.extensions "jenkins-x-controllerrole" deleted
deployment.extensions "jenkins-x-controllerteam" deleted
deployment.extensions "jenkins-x-controllerworkflow" deleted
deployment.extensions "jenkins-x-docker-registry" deleted
deployment.extensions "jenkins-x-heapster" deleted
cronjob.batch "jenkins-x-gcactivities" deleted
cronjob.batch "jenkins-x-gcpods" deleted
cronjob.batch "jenkins-x-gcpreviews" deleted
persistentvolumeclaim "jenkins" deleted
persistentvolumeclaim "jenkins-x-docker-registry" deleted
configmap "exposecontroller" deleted
configmap "jenkins" deleted
configmap "jenkins-tests" deleted
configmap "jenkins-x-devpod-config" deleted
configmap "jenkins-x-docker-registry" deleted
configmap "jenkins-x-docker-registry-config" deleted
configmap "jenkins-x-extensions" deleted
configmap "jenkins-x-git-kinds" deleted
configmap "jenkins-x-pod-templates" deleted
configmap "jenkins-x-team-controller" deleted
deleting namespace bdd-ghe-jx-pr-2635-5
deleting namespace bdd-ghe-jx-pr-2635-5-staging
Jenkins X has been successfully uninstalled from team namespace bdd-ghe-jx-pr-2635-5
Using namespace 'bdd-ghe-jx-pr-2635-5' from context named 'gke_jenkinsx-dev_europe-west1-b_anthorse' on server 'https://35.190.196.114'.
error: failed to run 'make install test-create-spring' command in directory '/home/jenkins/go/jenkins-x/bdd-jx', output: ''
[Pipeline] }
[Pipeline] // dir
[Pipeline] }
[Pipeline] // stage
[Pipeline] stage
[Pipeline] { (Build and Release)
Stage "Build and Release" skipped due to earlier failure(s)
[Pipeline] }
[Pipeline] // stage
[Pipeline] }
[Pipeline] // withEnv
[Pipeline] }
[Pipeline] // withCredentials
[Pipeline] }
[Pipeline] // node
[Pipeline] End of Pipeline
